{"C:\\dev\\projects\\pscm\\au-northwind\\source\\Presentation.WebSPA\\src\\environment.ts": {"path":"C:\\dev\\projects\\pscm\\au-northwind\\source\\Presentation.WebSPA\\src\\environment.ts","statementMap":{"0":{"start":{"line":1,"column":0},"end":{"line":4,"column":2}}},"fnMap":{},"branchMap":{},"s":{"0":0},"f":{},"b":{}}
,"C:\\dev\\projects\\pscm\\au-northwind\\source\\Presentation.WebSPA\\src\\main.ts": {"path":"C:\\dev\\projects\\pscm\\au-northwind\\source\\Presentation.WebSPA\\src\\main.ts","statementMap":{"0":{"start":{"line":2,"column":0},"end":{"line":2,"column":43}},"1":{"start":{"line":3,"column":0},"end":{"line":3,"column":40}},"2":{"start":{"line":4,"column":0},"end":{"line":4,"column":19}},"3":{"start":{"line":5,"column":0},"end":{"line":5,"column":33}},"4":{"start":{"line":8,"column":4},"end":{"line":10,"column":30}},"5":{"start":{"line":12,"column":4},"end":{"line":12,"column":49}},"6":{"start":{"line":13,"column":4},"end":{"line":13,"column":59}},"7":{"start":{"line":15,"column":4},"end":{"line":15,"column":73}},"8":{"start":{"line":17,"column":4},"end":{"line":19,"column":null}},"9":{"start":{"line":18,"column":8},"end":{"line":18,"column":46}},"10":{"start":{"line":21,"column":4},"end":{"line":21,"column":38}},"11":{"start":{"line":22,"column":4},"end":{"line":22,"column":56}},"12":{"start":{"line":33,"column":29},"end":{"line":33,"column":72}},"13":{"start":{"line":34,"column":43},"end":{"line":34,"column":100}},"14":{"start":{"line":35,"column":4},"end":{"line":35,"column":48}},"15":{"start":{"line":37,"column":4},"end":{"line":40,"column":7}},"16":{"start":{"line":38,"column":8},"end":{"line":38,"column":42}},"17":{"start":{"line":39,"column":8},"end":{"line":39,"column":37}},"18":{"start":{"line":7,"column":0},"end":{"line":7,"column":16}}},"fnMap":{"0":{"name":"configure","decl":{"start":{"line":7,"column":16},"end":{"line":7,"column":25}},"loc":{"start":{"line":7,"column":42},"end":{"line":41,"column":1}}},"1":{"name":"(anonymous_8)","decl":{"start":{"line":37,"column":25},"end":{"line":37,"column":26}},"loc":{"start":{"line":37,"column":43},"end":{"line":40,"column":5}}}},"branchMap":{"0":{"loc":{"start":{"line":15,"column":55},"end":{"line":15,"column":62}},"type":"cond-expr","locations":[{"start":{"line":15,"column":55},"end":{"line":15,"column":62}},{"start":{"line":15,"column":65},"end":{"line":15,"column":71}}]},"1":{"loc":{"start":{"line":17,"column":4},"end":{"line":19,"column":null}},"type":"if","locations":[{"start":{"line":17,"column":4},"end":{"line":19,"column":null}},{"start":{"line":17,"column":4},"end":{"line":19,"column":null}}]}},"s":{"0":0,"1":0,"2":0,"3":0,"4":0,"5":0,"6":0,"7":0,"8":0,"9":0,"10":0,"11":0,"12":0,"13":0,"14":0,"15":0,"16":0,"17":0,"18":0},"f":{"0":0,"1":0},"b":{"0":[0,0],"1":[0,0]}}
,"C:\\dev\\projects\\pscm\\au-northwind\\source\\Presentation.WebSPA\\src\\apps\\administration-spa\\app.ts": {"path":"C:\\dev\\projects\\pscm\\au-northwind\\source\\Presentation.WebSPA\\src\\apps\\administration-spa\\app.ts","statementMap":{"0":{"start":{"line":1,"column":1},"end":{"line":1,"column":40}},"1":{"start":{"line":4,"column":0},"end":{"line":4,"column":46}},"2":{"start":{"line":6,"column":0},"end":{"line":6,"column":13}},"3":{"start":{"line":7,"column":21},"end":{"line":7,"column":83}},"4":{"start":{"line":11,"column":11},"end":{"line":49,"column":null}},"5":{"start":{"line":12,"column":8},"end":{"line":12,"column":49}},"6":{"start":{"line":14,"column":8},"end":{"line":44,"column":11}},"7":{"start":{"line":46,"column":8},"end":{"line":46,"column":64}},"8":{"start":{"line":48,"column":8},"end":{"line":48,"column":34}},"9":{"start":{"line":50,"column":0},"end":{"line":50,"column":null}},"10":{"start":{"line":6,"column":13},"end":{"line":6,"column":30}}},"fnMap":{"0":{"name":"(anonymous_0)","decl":{"start":{"line":6,"column":0},"end":{"line":6,"column":13}},"loc":{"start":{"line":6,"column":0},"end":{"line":50,"column":null}}},"1":{"name":"(anonymous_2)","decl":{"start":{"line":11,"column":4},"end":{"line":11,"column":11}},"loc":{"start":{"line":11,"column":80},"end":{"line":49,"column":5}}}},"branchMap":{},"s":{"0":1,"1":1,"2":1,"3":1,"4":1,"5":1,"6":1,"7":1,"8":1,"9":1,"10":1},"f":{"0":2,"1":1},"b":{}}
,"C:\\dev\\projects\\pscm\\au-northwind\\source\\Presentation.WebSPA\\src\\apps\\administration-spa\\models\\product-list-item.ts": {"path":"C:\\dev\\projects\\pscm\\au-northwind\\source\\Presentation.WebSPA\\src\\apps\\administration-spa\\models\\product-list-item.ts","statementMap":{"0":{"start":{"line":1,"column":1},"end":{"line":1,"column":14}},"1":{"start":{"line":2,"column":11},"end":{"line":2,"column":28}},"2":{"start":{"line":3,"column":11},"end":{"line":3,"column":29}},"3":{"start":{"line":4,"column":11},"end":{"line":4,"column":36}},"4":{"start":{"line":5,"column":11},"end":{"line":5,"column":35}},"5":{"start":{"line":6,"column":0},"end":{"line":6,"column":null}},"6":{"start":{"line":1,"column":14},"end":{"line":1,"column":29}}},"fnMap":{"0":{"name":"(anonymous_0)","decl":{"start":{"line":1,"column":1},"end":{"line":1,"column":14}},"loc":{"start":{"line":1,"column":1},"end":{"line":6,"column":null}}}},"branchMap":{},"s":{"0":0,"1":0,"2":0,"3":0,"4":0,"5":0,"6":0},"f":{"0":0},"b":{}}
,"C:\\dev\\projects\\pscm\\au-northwind\\source\\Presentation.WebSPA\\src\\apps\\administration-spa\\resources\\index.ts": {"path":"C:\\dev\\projects\\pscm\\au-northwind\\source\\Presentation.WebSPA\\src\\apps\\administration-spa\\resources\\index.ts","statementMap":{"0":{"start":{"line":1,"column":1},"end":{"line":1,"column":70}},"1":{"start":{"line":4,"column":4},"end":{"line":4,"column":66}},"2":{"start":{"line":6,"column":36},"end":{"line":6,"column":80}},"3":{"start":{"line":7,"column":4},"end":{"line":7,"column":75}},"4":{"start":{"line":3,"column":0},"end":{"line":3,"column":16}}},"fnMap":{"0":{"name":"configure","decl":{"start":{"line":3,"column":16},"end":{"line":3,"column":25}},"loc":{"start":{"line":3,"column":56},"end":{"line":8,"column":1}}}},"branchMap":{},"s":{"0":0,"1":0,"2":0,"3":0,"4":0},"f":{"0":0},"b":{}}
,"C:\\dev\\projects\\pscm\\au-northwind\\source\\Presentation.WebSPA\\src\\apps\\administration-spa\\resources\\custom-elements\\product-listing.ts": {"path":"C:\\dev\\projects\\pscm\\au-northwind\\source\\Presentation.WebSPA\\src\\apps\\administration-spa\\resources\\custom-elements\\product-listing.ts","statementMap":{"0":{"start":{"line":1,"column":1},"end":{"line":1,"column":73}},"1":{"start":{"line":6,"column":0},"end":{"line":6,"column":13}},"2":{"start":{"line":7,"column":21},"end":{"line":7,"column":83}},"3":{"start":{"line":13,"column":11},"end":{"line":13,"column":75}},"4":{"start":{"line":15,"column":17},"end":{"line":17,"column":null}},"5":{"start":{"line":16,"column":15},"end":{"line":16,"column":60}},"6":{"start":{"line":16,"column":8},"end":{"line":16,"column":60}},"7":{"start":{"line":10,"column":4},"end":{"line":10,"column":null}},"8":{"start":{"line":13,"column":4},"end":{"line":13,"column":null}},"9":{"start":{"line":6,"column":13},"end":{"line":19,"column":null}},"10":{"start":{"line":19,"column":0},"end":{"line":19,"column":null}},"11":{"start":{"line":6,"column":13},"end":{"line":6,"column":40}}},"fnMap":{"0":{"name":"(anonymous_15)","decl":{"start":{"line":6,"column":0},"end":{"line":6,"column":13}},"loc":{"start":{"line":6,"column":0},"end":{"line":6,"column":13}}},"1":{"name":"(anonymous_17)","decl":{"start":{"line":15,"column":4},"end":{"line":15,"column":17}},"loc":{"start":{"line":15,"column":56},"end":{"line":17,"column":null}}}},"branchMap":{"0":{"loc":{"start":{"line":16,"column":15},"end":{"line":16,"column":60}},"type":"switch","locations":[{"start":{"line":16,"column":15},"end":{"line":16,"column":60}},{"start":{"line":16,"column":8},"end":{"line":16,"column":60}}]}},"s":{"0":0,"1":0,"2":0,"3":0,"4":0,"5":0,"6":0,"7":0,"8":0,"9":0,"10":0,"11":0},"f":{"0":0,"1":0},"b":{"0":[0,0]}}
,"C:\\dev\\projects\\pscm\\au-northwind\\source\\Presentation.WebSPA\\src\\apps\\administration-spa\\resources\\features\\test-feature\\hello-world.ts": {"path":"C:\\dev\\projects\\pscm\\au-northwind\\source\\Presentation.WebSPA\\src\\apps\\administration-spa\\resources\\features\\test-feature\\hello-world.ts","statementMap":{"0":{"start":{"line":1,"column":1},"end":{"line":1,"column":51}},"1":{"start":{"line":4,"column":0},"end":{"line":4,"column":13}},"2":{"start":{"line":5,"column":11},"end":{"line":5,"column":51}},"3":{"start":{"line":4,"column":13},"end":{"line":6,"column":null}},"4":{"start":{"line":6,"column":0},"end":{"line":6,"column":null}},"5":{"start":{"line":4,"column":13},"end":{"line":4,"column":32}}},"fnMap":{"0":{"name":"(anonymous_1)","decl":{"start":{"line":4,"column":0},"end":{"line":4,"column":13}},"loc":{"start":{"line":4,"column":0},"end":{"line":4,"column":13}}}},"branchMap":{},"s":{"0":0,"1":0,"2":0,"3":0,"4":0,"5":0},"f":{"0":0},"b":{}}
,"C:\\dev\\projects\\pscm\\au-northwind\\source\\Presentation.WebSPA\\src\\apps\\administration-spa\\resources\\features\\test-feature\\index.ts": {"path":"C:\\dev\\projects\\pscm\\au-northwind\\source\\Presentation.WebSPA\\src\\apps\\administration-spa\\resources\\features\\test-feature\\index.ts","statementMap":{"0":{"start":{"line":4,"column":4},"end":{"line":4,"column":72}},"1":{"start":{"line":3,"column":0},"end":{"line":3,"column":16}}},"fnMap":{"0":{"name":"configure","decl":{"start":{"line":3,"column":16},"end":{"line":3,"column":25}},"loc":{"start":{"line":3,"column":61},"end":{"line":5,"column":1}}}},"branchMap":{},"s":{"0":0,"1":0},"f":{"0":0},"b":{}}
,"C:\\dev\\projects\\pscm\\au-northwind\\source\\Presentation.WebSPA\\src\\apps\\administration-spa\\routes\\catalog\\catalog.ts": {"path":"C:\\dev\\projects\\pscm\\au-northwind\\source\\Presentation.WebSPA\\src\\apps\\administration-spa\\routes\\catalog\\catalog.ts","statementMap":{"0":{"start":{"line":1,"column":1},"end":{"line":1,"column":54}},"1":{"start":{"line":2,"column":0},"end":{"line":2,"column":40}},"2":{"start":{"line":3,"column":0},"end":{"line":3,"column":69}},"3":{"start":{"line":5,"column":0},"end":{"line":5,"column":65}},"4":{"start":{"line":8,"column":0},"end":{"line":8,"column":13}},"5":{"start":{"line":18,"column":11},"end":{"line":18,"column":49}},"6":{"start":{"line":13,"column":8},"end":{"line":13,"column":35}},"7":{"start":{"line":14,"column":8},"end":{"line":14,"column":33}},"8":{"start":{"line":20,"column":17},"end":{"line":30,"column":null}},"9":{"start":{"line":21,"column":40},"end":{"line":21,"column":null}},"10":{"start":{"line":21,"column":14},"end":{"line":21,"column":null}},"11":{"start":{"line":22,"column":8},"end":{"line":29,"column":11}},"12":{"start":{"line":23,"column":42},"end":{"line":23,"column":63}},"13":{"start":{"line":24,"column":12},"end":{"line":24,"column":33}},"14":{"start":{"line":25,"column":12},"end":{"line":25,"column":35}},"15":{"start":{"line":26,"column":12},"end":{"line":26,"column":49}},"16":{"start":{"line":27,"column":12},"end":{"line":27,"column":51}},"17":{"start":{"line":28,"column":12},"end":{"line":28,"column":24}},"18":{"start":{"line":32,"column":17},"end":{"line":34,"column":null}},"19":{"start":{"line":33,"column":8},"end":{"line":33,"column":79}},"20":{"start":{"line":18,"column":4},"end":{"line":18,"column":null}},"21":{"start":{"line":8,"column":13},"end":{"line":35,"column":null}},"22":{"start":{"line":35,"column":0},"end":{"line":35,"column":null}},"23":{"start":{"line":8,"column":13},"end":{"line":8,"column":22}}},"fnMap":{"0":{"name":"(anonymous_15)","decl":{"start":{"line":8,"column":0},"end":{"line":8,"column":13}},"loc":{"start":{"line":8,"column":0},"end":{"line":8,"column":13}}},"1":{"name":"CatalogVM","decl":{"start":{"line":12,"column":4},"end":{"line":12,"column":16}},"loc":{"start":{"line":12,"column":62},"end":{"line":15,"column":5}}},"2":{"name":"(anonymous_17)","decl":{"start":{"line":20,"column":4},"end":{"line":20,"column":17}},"loc":{"start":{"line":20,"column":4},"end":{"line":30,"column":null}}},"3":{"name":"(anonymous_20)","decl":{"start":{"line":22,"column":42},"end":{"line":22,"column":43}},"loc":{"start":{"line":22,"column":62},"end":{"line":29,"column":9}}},"4":{"name":"(anonymous_21)","decl":{"start":{"line":32,"column":4},"end":{"line":32,"column":17}},"loc":{"start":{"line":32,"column":61},"end":{"line":34,"column":null}}}},"branchMap":{"0":{"loc":{"start":{"line":21,"column":40},"end":{"line":21,"column":null}},"type":"switch","locations":[{"start":{"line":21,"column":40},"end":{"line":21,"column":null}}]}},"s":{"0":0,"1":0,"2":0,"3":0,"4":0,"5":0,"6":0,"7":0,"8":0,"9":0,"10":0,"11":0,"12":0,"13":0,"14":0,"15":0,"16":0,"17":0,"18":0,"19":0,"20":0,"21":0,"22":0,"23":0},"f":{"0":0,"1":0,"2":0,"3":0,"4":0},"b":{"0":[0]}}
,"C:\\dev\\projects\\pscm\\au-northwind\\source\\Presentation.WebSPA\\src\\apps\\administration-spa\\routes\\catalog\\categories.ts": {"path":"C:\\dev\\projects\\pscm\\au-northwind\\source\\Presentation.WebSPA\\src\\apps\\administration-spa\\routes\\catalog\\categories.ts","statementMap":{"0":{"start":{"line":1,"column":1},"end":{"line":1,"column":48}},"1":{"start":{"line":2,"column":0},"end":{"line":2,"column":56}},"2":{"start":{"line":3,"column":0},"end":{"line":3,"column":33}},"3":{"start":{"line":5,"column":0},"end":{"line":5,"column":13}},"4":{"start":{"line":8,"column":11},"end":{"line":8,"column":39}},"5":{"start":{"line":10,"column":11},"end":{"line":15,"column":6}},"6":{"start":{"line":17,"column":17},"end":{"line":23,"column":null}},"7":{"start":{"line":18,"column":8},"end":{"line":22,"column":null}},"8":{"start":{"line":19,"column":12},"end":{"line":19,"column":36}},"9":{"start":{"line":21,"column":12},"end":{"line":21,"column":46}},"10":{"start":{"line":25,"column":17},"end":{"line":35,"column":null}},"11":{"start":{"line":26,"column":8},"end":{"line":27,"column":19}},"12":{"start":{"line":27,"column":12},"end":{"line":27,"column":19}},"13":{"start":{"line":29,"column":8},"end":{"line":30,"column":19}},"14":{"start":{"line":30,"column":12},"end":{"line":30,"column":19}},"15":{"start":{"line":31,"column":14},"end":{"line":31,"column":76}},"16":{"start":{"line":33,"column":8},"end":{"line":33,"column":52}},"17":{"start":{"line":34,"column":8},"end":{"line":34,"column":77}},"18":{"start":{"line":37,"column":17},"end":{"line":52,"column":null}},"19":{"start":{"line":38,"column":8},"end":{"line":40,"column":null}},"20":{"start":{"line":38,"column":42},"end":{"line":38,"column":76}},"21":{"start":{"line":39,"column":12},"end":{"line":39,"column":19}},"22":{"start":{"line":42,"column":14},"end":{"line":42,"column":57}},"23":{"start":{"line":43,"column":8},"end":{"line":43,"column":42}},"24":{"start":{"line":44,"column":8},"end":{"line":44,"column":49}},"25":{"start":{"line":45,"column":8},"end":{"line":45,"column":31}},"26":{"start":{"line":46,"column":8},"end":{"line":46,"column":36}},"27":{"start":{"line":48,"column":8},"end":{"line":48,"column":75}},"28":{"start":{"line":50,"column":8},"end":{"line":50,"column":34}},"29":{"start":{"line":51,"column":8},"end":{"line":51,"column":34}},"30":{"start":{"line":8,"column":4},"end":{"line":8,"column":null}},"31":{"start":{"line":54,"column":0},"end":{"line":54,"column":null}},"32":{"start":{"line":5,"column":13},"end":{"line":5,"column":25}}},"fnMap":{"0":{"name":"(anonymous_21)","decl":{"start":{"line":5,"column":0},"end":{"line":5,"column":13}},"loc":{"start":{"line":5,"column":0},"end":{"line":5,"column":13}}},"1":{"name":"(anonymous_23)","decl":{"start":{"line":17,"column":4},"end":{"line":17,"column":17}},"loc":{"start":{"line":17,"column":50},"end":{"line":23,"column":null}}},"2":{"name":"(anonymous_26)","decl":{"start":{"line":25,"column":4},"end":{"line":25,"column":17}},"loc":{"start":{"line":25,"column":4},"end":{"line":35,"column":null}}},"3":{"name":"(anonymous_29)","decl":{"start":{"line":37,"column":4},"end":{"line":37,"column":17}},"loc":{"start":{"line":37,"column":98},"end":{"line":52,"column":null}}},"4":{"name":"(anonymous_32)","decl":{"start":{"line":38,"column":35},"end":{"line":38,"column":38}},"loc":{"start":{"line":38,"column":38},"end":{"line":38,"column":45}}}},"branchMap":{"0":{"loc":{"start":{"line":18,"column":8},"end":{"line":22,"column":null}},"type":"if","locations":[{"start":{"line":18,"column":8},"end":{"line":22,"column":null}},{"start":{"line":18,"column":8},"end":{"line":22,"column":null}}]},"1":{"loc":{"start":{"line":26,"column":8},"end":{"line":27,"column":19}},"type":"if","locations":[{"start":{"line":26,"column":8},"end":{"line":27,"column":19}},{"start":{"line":26,"column":8},"end":{"line":27,"column":19}}]},"2":{"loc":{"start":{"line":29,"column":8},"end":{"line":30,"column":19}},"type":"if","locations":[{"start":{"line":29,"column":8},"end":{"line":30,"column":19}},{"start":{"line":29,"column":8},"end":{"line":30,"column":19}}]},"3":{"loc":{"start":{"line":38,"column":8},"end":{"line":40,"column":null}},"type":"if","locations":[{"start":{"line":38,"column":8},"end":{"line":40,"column":null}},{"start":{"line":38,"column":8},"end":{"line":40,"column":null}}]}},"s":{"0":0,"1":0,"2":0,"3":0,"4":0,"5":0,"6":0,"7":0,"8":0,"9":0,"10":0,"11":0,"12":0,"13":0,"14":0,"15":0,"16":0,"17":0,"18":0,"19":0,"20":0,"21":0,"22":0,"23":0,"24":0,"25":0,"26":0,"27":0,"28":0,"29":0,"30":0,"31":0,"32":0},"f":{"0":0,"1":0,"2":0,"3":0,"4":0},"b":{"0":[0,0],"1":[0,0],"2":[0,0],"3":[0,0]}}
,"C:\\dev\\projects\\pscm\\au-northwind\\source\\Presentation.WebSPA\\src\\apps\\administration-spa\\routes\\catalog\\index.ts": {"path":"C:\\dev\\projects\\pscm\\au-northwind\\source\\Presentation.WebSPA\\src\\apps\\administration-spa\\routes\\catalog\\index.ts","statementMap":{"0":{"start":{"line":1,"column":1},"end":{"line":1,"column":40}},"1":{"start":{"line":4,"column":0},"end":{"line":4,"column":13}},"2":{"start":{"line":7,"column":11},"end":{"line":42,"column":null}},"3":{"start":{"line":8,"column":8},"end":{"line":39,"column":11}},"4":{"start":{"line":41,"column":8},"end":{"line":41,"column":34}},"5":{"start":{"line":43,"column":0},"end":{"line":43,"column":null}},"6":{"start":{"line":4,"column":13},"end":{"line":4,"column":34}}},"fnMap":{"0":{"name":"(anonymous_0)","decl":{"start":{"line":4,"column":0},"end":{"line":4,"column":13}},"loc":{"start":{"line":4,"column":0},"end":{"line":43,"column":null}}},"1":{"name":"(anonymous_2)","decl":{"start":{"line":7,"column":4},"end":{"line":7,"column":11}},"loc":{"start":{"line":7,"column":80},"end":{"line":42,"column":5}}}},"branchMap":{},"s":{"0":0,"1":0,"2":0,"3":0,"4":0,"5":0,"6":0},"f":{"0":0,"1":0},"b":{}}
,"C:\\dev\\projects\\pscm\\au-northwind\\source\\Presentation.WebSPA\\src\\apps\\administration-spa\\routes\\catalog\\not-found.ts": {"path":"C:\\dev\\projects\\pscm\\au-northwind\\source\\Presentation.WebSPA\\src\\apps\\administration-spa\\routes\\catalog\\not-found.ts","statementMap":{"0":{"start":{"line":1,"column":1},"end":{"line":1,"column":14}},"1":{"start":{"line":5,"column":8},"end":{"line":5,"column":56}},"2":{"start":{"line":7,"column":0},"end":{"line":7,"column":null}},"3":{"start":{"line":1,"column":14},"end":{"line":1,"column":24}}},"fnMap":{"0":{"name":"(anonymous_0)","decl":{"start":{"line":1,"column":1},"end":{"line":1,"column":14}},"loc":{"start":{"line":1,"column":1},"end":{"line":7,"column":null}}},"1":{"name":"NotFoundVM","decl":{"start":{"line":4,"column":4},"end":{"line":4,"column":null}},"loc":{"start":{"line":4,"column":4},"end":{"line":6,"column":5}}}},"branchMap":{},"s":{"0":0,"1":0,"2":0,"3":0},"f":{"0":0,"1":0},"b":{}}
,"C:\\dev\\projects\\pscm\\au-northwind\\source\\Presentation.WebSPA\\src\\apps\\administration-spa\\routes\\catalog\\product-summary.ts": {"path":"C:\\dev\\projects\\pscm\\au-northwind\\source\\Presentation.WebSPA\\src\\apps\\administration-spa\\routes\\catalog\\product-summary.ts","statementMap":{"0":{"start":{"line":1,"column":1},"end":{"line":1,"column":56}},"1":{"start":{"line":2,"column":0},"end":{"line":2,"column":76}},"2":{"start":{"line":4,"column":0},"end":{"line":4,"column":69}},"3":{"start":{"line":9,"column":0},"end":{"line":9,"column":13}},"4":{"start":{"line":12,"column":21},"end":{"line":12,"column":83}},"5":{"start":{"line":15,"column":8},"end":{"line":15,"column":35}},"6":{"start":{"line":16,"column":8},"end":{"line":16,"column":33}},"7":{"start":{"line":21,"column":17},"end":{"line":36,"column":null}},"8":{"start":{"line":23,"column":8},"end":{"line":25,"column":null}},"9":{"start":{"line":26,"column":36},"end":{"line":26,"column":null}},"10":{"start":{"line":26,"column":14},"end":{"line":26,"column":null}},"11":{"start":{"line":27,"column":8},"end":{"line":31,"column":null}},"12":{"start":{"line":28,"column":12},"end":{"line":28,"column":80}},"13":{"start":{"line":29,"column":12},"end":{"line":29,"column":62}},"14":{"start":{"line":30,"column":12},"end":{"line":30,"column":42}},"15":{"start":{"line":32,"column":8},"end":{"line":32,"column":27}},"16":{"start":{"line":33,"column":8},"end":{"line":33,"column":55}},"17":{"start":{"line":34,"column":8},"end":{"line":34,"column":53}},"18":{"start":{"line":35,"column":8},"end":{"line":35,"column":37}},"19":{"start":{"line":9,"column":13},"end":{"line":38,"column":null}},"20":{"start":{"line":38,"column":0},"end":{"line":38,"column":null}},"21":{"start":{"line":9,"column":13},"end":{"line":9,"column":35}}},"fnMap":{"0":{"name":"(anonymous_15)","decl":{"start":{"line":9,"column":0},"end":{"line":9,"column":13}},"loc":{"start":{"line":9,"column":0},"end":{"line":9,"column":13}}},"1":{"name":"ProductDetailViewModel","decl":{"start":{"line":14,"column":4},"end":{"line":14,"column":16}},"loc":{"start":{"line":14,"column":62},"end":{"line":17,"column":5}}},"2":{"name":"(anonymous_17)","decl":{"start":{"line":21,"column":4},"end":{"line":21,"column":17}},"loc":{"start":{"line":21,"column":109},"end":{"line":36,"column":null}}}},"branchMap":{"0":{"loc":{"start":{"line":23,"column":8},"end":{"line":25,"column":null}},"type":"if","locations":[{"start":{"line":23,"column":8},"end":{"line":25,"column":null}},{"start":{"line":23,"column":8},"end":{"line":25,"column":null}}]},"1":{"loc":{"start":{"line":23,"column":12},"end":{"line":23,"column":19}},"type":"binary-expr","locations":[{"start":{"line":23,"column":12},"end":{"line":23,"column":19}},{"start":{"line":23,"column":23},"end":{"line":23,"column":34}}]},"2":{"loc":{"start":{"line":27,"column":8},"end":{"line":31,"column":null}},"type":"if","locations":[{"start":{"line":27,"column":8},"end":{"line":31,"column":null}},{"start":{"line":27,"column":8},"end":{"line":31,"column":null}}]}},"s":{"0":0,"1":0,"2":0,"3":0,"4":0,"5":0,"6":0,"7":0,"8":0,"9":0,"10":0,"11":0,"12":0,"13":0,"14":0,"15":0,"16":0,"17":0,"18":0,"19":0,"20":0,"21":0},"f":{"0":0,"1":0,"2":0},"b":{"0":[0,0],"1":[0,0],"2":[0,0]}}
,"C:\\dev\\projects\\pscm\\au-northwind\\source\\Presentation.WebSPA\\src\\apps\\administration-spa\\routes\\catalog\\elements\\catalog-product.ts": {"path":"C:\\dev\\projects\\pscm\\au-northwind\\source\\Presentation.WebSPA\\src\\apps\\administration-spa\\routes\\catalog\\elements\\catalog-product.ts","statementMap":{"0":{"start":{"line":1,"column":1},"end":{"line":1,"column":61}},"1":{"start":{"line":2,"column":0},"end":{"line":2,"column":55}},"2":{"start":{"line":3,"column":0},"end":{"line":3,"column":33}},"3":{"start":{"line":6,"column":0},"end":{"line":6,"column":13}},"4":{"start":{"line":11,"column":17},"end":{"line":13,"column":null}},"5":{"start":{"line":12,"column":8},"end":{"line":12,"column":83}},"6":{"start":{"line":9,"column":4},"end":{"line":9,"column":null}},"7":{"start":{"line":6,"column":13},"end":{"line":14,"column":null}},"8":{"start":{"line":14,"column":0},"end":{"line":14,"column":null}},"9":{"start":{"line":6,"column":13},"end":{"line":6,"column":36}}},"fnMap":{"0":{"name":"(anonymous_21)","decl":{"start":{"line":6,"column":0},"end":{"line":6,"column":13}},"loc":{"start":{"line":6,"column":0},"end":{"line":6,"column":13}}},"1":{"name":"(anonymous_23)","decl":{"start":{"line":11,"column":4},"end":{"line":11,"column":17}},"loc":{"start":{"line":11,"column":4},"end":{"line":13,"column":null}}}},"branchMap":{},"s":{"0":0,"1":0,"2":0,"3":0,"4":0,"5":0,"6":0,"7":0,"8":0,"9":0},"f":{"0":0,"1":0},"b":{}}
,"C:\\dev\\projects\\pscm\\au-northwind\\source\\Presentation.WebSPA\\src\\apps\\administration-spa\\routes\\catalog\\models\\category-model.ts": {"path":"C:\\dev\\projects\\pscm\\au-northwind\\source\\Presentation.WebSPA\\src\\apps\\administration-spa\\routes\\catalog\\models\\category-model.ts","statementMap":{"0":{"start":{"line":1,"column":1},"end":{"line":1,"column":14}},"1":{"start":{"line":5,"column":11},"end":{"line":5,"column":36}},"2":{"start":{"line":6,"column":0},"end":{"line":6,"column":null}},"3":{"start":{"line":1,"column":14},"end":{"line":1,"column":27}}},"fnMap":{"0":{"name":"(anonymous_0)","decl":{"start":{"line":1,"column":1},"end":{"line":1,"column":14}},"loc":{"start":{"line":1,"column":1},"end":{"line":6,"column":null}}}},"branchMap":{},"s":{"0":0,"1":0,"2":0,"3":0},"f":{"0":0},"b":{}}
,"C:\\dev\\projects\\pscm\\au-northwind\\source\\Presentation.WebSPA\\src\\apps\\administration-spa\\routes\\catalog\\models\\product-model.ts": {"path":"C:\\dev\\projects\\pscm\\au-northwind\\source\\Presentation.WebSPA\\src\\apps\\administration-spa\\routes\\catalog\\models\\product-model.ts","statementMap":{"0":{"start":{"line":1,"column":1},"end":{"line":1,"column":58}},"1":{"start":{"line":3,"column":0},"end":{"line":3,"column":13}},"2":{"start":{"line":7,"column":8},"end":{"line":10,"column":null}},"3":{"start":{"line":8,"column":12},"end":{"line":8,"column":33}},"4":{"start":{"line":9,"column":12},"end":{"line":9,"column":19}},"5":{"start":{"line":12,"column":8},"end":{"line":12,"column":33}},"6":{"start":{"line":13,"column":8},"end":{"line":13,"column":23}},"7":{"start":{"line":14,"column":8},"end":{"line":14,"column":30}},"8":{"start":{"line":15,"column":8},"end":{"line":15,"column":23}},"9":{"start":{"line":16,"column":8},"end":{"line":16,"column":22}},"10":{"start":{"line":17,"column":8},"end":{"line":17,"column":26}},"11":{"start":{"line":20,"column":4},"end":{"line":20,"column":51}},"12":{"start":{"line":20,"column":31},"end":{"line":20,"column":48}},"13":{"start":{"line":30,"column":0},"end":{"line":30,"column":null}},"14":{"start":{"line":3,"column":13},"end":{"line":3,"column":25}}},"fnMap":{"0":{"name":"(anonymous_0)","decl":{"start":{"line":3,"column":0},"end":{"line":3,"column":13}},"loc":{"start":{"line":3,"column":0},"end":{"line":30,"column":null}}},"1":{"name":"ProductModel","decl":{"start":{"line":6,"column":4},"end":{"line":6,"column":16}},"loc":{"start":{"line":6,"column":33},"end":{"line":18,"column":5}}},"2":{"name":"(anonymous_2)","decl":{"start":{"line":20,"column":4},"end":{"line":20,"column":15}},"loc":{"start":{"line":20,"column":4},"end":{"line":20,"column":50}}}},"branchMap":{"0":{"loc":{"start":{"line":7,"column":8},"end":{"line":10,"column":null}},"type":"if","locations":[{"start":{"line":7,"column":8},"end":{"line":10,"column":null}},{"start":{"line":7,"column":8},"end":{"line":10,"column":null}}]}},"s":{"0":0,"1":0,"2":0,"3":0,"4":0,"5":0,"6":0,"7":0,"8":0,"9":0,"10":0,"11":0,"12":0,"13":0,"14":0},"f":{"0":0,"1":0,"2":0},"b":{"0":[0,0]}}
,"C:\\dev\\projects\\pscm\\au-northwind\\source\\Presentation.WebSPA\\src\\apps\\administration-spa\\routes\\catalog\\services\\catalog-svc.ts": {"path":"C:\\dev\\projects\\pscm\\au-northwind\\source\\Presentation.WebSPA\\src\\apps\\administration-spa\\routes\\catalog\\services\\catalog-svc.ts","statementMap":{"0":{"start":{"line":1,"column":1},"end":{"line":1,"column":56}},"1":{"start":{"line":2,"column":0},"end":{"line":2,"column":57}},"2":{"start":{"line":4,"column":0},"end":{"line":4,"column":13}},"3":{"start":{"line":8,"column":36},"end":{"line":8,"column":66}},"4":{"start":{"line":9,"column":8},"end":{"line":9,"column":33}},"5":{"start":{"line":10,"column":8},"end":{"line":10,"column":59}},"6":{"start":{"line":11,"column":8},"end":{"line":11,"column":27}},"7":{"start":{"line":12,"column":8},"end":{"line":12,"column":28}},"8":{"start":{"line":13,"column":8},"end":{"line":13,"column":29}},"9":{"start":{"line":15,"column":36},"end":{"line":15,"column":66}},"10":{"start":{"line":16,"column":8},"end":{"line":16,"column":33}},"11":{"start":{"line":17,"column":8},"end":{"line":17,"column":59}},"12":{"start":{"line":18,"column":8},"end":{"line":18,"column":26}},"13":{"start":{"line":19,"column":8},"end":{"line":19,"column":24}},"14":{"start":{"line":20,"column":8},"end":{"line":20,"column":29}},"15":{"start":{"line":22,"column":36},"end":{"line":22,"column":66}},"16":{"start":{"line":23,"column":8},"end":{"line":23,"column":33}},"17":{"start":{"line":24,"column":8},"end":{"line":24,"column":59}},"18":{"start":{"line":25,"column":8},"end":{"line":25,"column":27}},"19":{"start":{"line":26,"column":8},"end":{"line":26,"column":28}},"20":{"start":{"line":27,"column":8},"end":{"line":27,"column":28}},"21":{"start":{"line":29,"column":8},"end":{"line":29,"column":47}},"22":{"start":{"line":32,"column":17},"end":{"line":36,"column":null}},"23":{"start":{"line":33,"column":38},"end":{"line":33,"column":63}},"24":{"start":{"line":33,"column":14},"end":{"line":33,"column":null}},"25":{"start":{"line":33,"column":80},"end":{"line":33,"column":103}},"26":{"start":{"line":34,"column":14},"end":{"line":34,"column":51}},"27":{"start":{"line":35,"column":8},"end":{"line":35,"column":45}},"28":{"start":{"line":38,"column":17},"end":{"line":40,"column":null}},"29":{"start":{"line":39,"column":8},"end":{"line":39,"column":47}},"30":{"start":{"line":41,"column":0},"end":{"line":41,"column":null}},"31":{"start":{"line":4,"column":13},"end":{"line":4,"column":23}}},"fnMap":{"0":{"name":"(anonymous_13)","decl":{"start":{"line":4,"column":0},"end":{"line":4,"column":13}},"loc":{"start":{"line":4,"column":0},"end":{"line":41,"column":null}}},"1":{"name":"CatalogSvc","decl":{"start":{"line":7,"column":4},"end":{"line":7,"column":null}},"loc":{"start":{"line":7,"column":4},"end":{"line":30,"column":5}}},"2":{"name":"(anonymous_15)","decl":{"start":{"line":32,"column":4},"end":{"line":32,"column":17}},"loc":{"start":{"line":32,"column":49},"end":{"line":36,"column":null}}},"3":{"name":"(anonymous_18)","decl":{"start":{"line":33,"column":71},"end":{"line":33,"column":76}},"loc":{"start":{"line":33,"column":76},"end":{"line":33,"column":85}}},"4":{"name":"(anonymous_19)","decl":{"start":{"line":38,"column":4},"end":{"line":38,"column":17}},"loc":{"start":{"line":38,"column":4},"end":{"line":40,"column":null}}}},"branchMap":{"0":{"loc":{"start":{"line":33,"column":38},"end":{"line":33,"column":63}},"type":"switch","locations":[{"start":{"line":33,"column":38},"end":{"line":33,"column":63}}]}},"s":{"0":0,"1":0,"2":0,"3":0,"4":0,"5":0,"6":0,"7":0,"8":0,"9":0,"10":0,"11":0,"12":0,"13":0,"14":0,"15":0,"16":0,"17":0,"18":0,"19":0,"20":0,"21":0,"22":0,"23":0,"24":0,"25":0,"26":0,"27":0,"28":0,"29":0,"30":0,"31":0},"f":{"0":0,"1":0,"2":0,"3":0,"4":0},"b":{"0":[0]}}
,"C:\\dev\\projects\\pscm\\au-northwind\\source\\Presentation.WebSPA\\src\\apps\\administration-spa\\routes\\purchasing\\index.ts": {"path":"C:\\dev\\projects\\pscm\\au-northwind\\source\\Presentation.WebSPA\\src\\apps\\administration-spa\\routes\\purchasing\\index.ts","statementMap":{"0":{"start":{"line":1,"column":1},"end":{"line":1,"column":40}},"1":{"start":{"line":4,"column":0},"end":{"line":4,"column":13}},"2":{"start":{"line":7,"column":11},"end":{"line":40,"column":null}},"3":{"start":{"line":8,"column":8},"end":{"line":38,"column":11}},"4":{"start":{"line":39,"column":8},"end":{"line":39,"column":34}},"5":{"start":{"line":41,"column":0},"end":{"line":41,"column":null}},"6":{"start":{"line":4,"column":13},"end":{"line":4,"column":37}}},"fnMap":{"0":{"name":"(anonymous_0)","decl":{"start":{"line":4,"column":0},"end":{"line":4,"column":13}},"loc":{"start":{"line":4,"column":0},"end":{"line":41,"column":null}}},"1":{"name":"(anonymous_2)","decl":{"start":{"line":7,"column":4},"end":{"line":7,"column":11}},"loc":{"start":{"line":7,"column":80},"end":{"line":40,"column":5}}}},"branchMap":{},"s":{"0":0,"1":0,"2":0,"3":0,"4":0,"5":0,"6":0},"f":{"0":0,"1":0},"b":{}}
,"C:\\dev\\projects\\pscm\\au-northwind\\source\\Presentation.WebSPA\\src\\apps\\administration-spa\\routes\\purchasing\\inventory.ts": {"path":"C:\\dev\\projects\\pscm\\au-northwind\\source\\Presentation.WebSPA\\src\\apps\\administration-spa\\routes\\purchasing\\inventory.ts","statementMap":{"0":{"start":{"line":1,"column":1},"end":{"line":1,"column":14}},"1":{"start":{"line":3,"column":0},"end":{"line":3,"column":null}},"2":{"start":{"line":1,"column":14},"end":{"line":1,"column":32}}},"fnMap":{"0":{"name":"(anonymous_0)","decl":{"start":{"line":1,"column":1},"end":{"line":1,"column":14}},"loc":{"start":{"line":1,"column":1},"end":{"line":3,"column":null}}}},"branchMap":{},"s":{"0":0,"1":0,"2":0},"f":{"0":0},"b":{}}
,"C:\\dev\\projects\\pscm\\au-northwind\\source\\Presentation.WebSPA\\src\\apps\\administration-spa\\routes\\sales\\index.ts": {"path":"C:\\dev\\projects\\pscm\\au-northwind\\source\\Presentation.WebSPA\\src\\apps\\administration-spa\\routes\\sales\\index.ts","statementMap":{"0":{"start":{"line":1,"column":1},"end":{"line":1,"column":40}},"1":{"start":{"line":4,"column":0},"end":{"line":4,"column":13}},"2":{"start":{"line":7,"column":11},"end":{"line":48,"column":null}},"3":{"start":{"line":8,"column":8},"end":{"line":45,"column":11}},"4":{"start":{"line":47,"column":8},"end":{"line":47,"column":34}},"5":{"start":{"line":49,"column":0},"end":{"line":49,"column":null}},"6":{"start":{"line":4,"column":13},"end":{"line":4,"column":32}}},"fnMap":{"0":{"name":"(anonymous_0)","decl":{"start":{"line":4,"column":0},"end":{"line":4,"column":13}},"loc":{"start":{"line":4,"column":0},"end":{"line":49,"column":null}}},"1":{"name":"(anonymous_2)","decl":{"start":{"line":7,"column":4},"end":{"line":7,"column":11}},"loc":{"start":{"line":7,"column":80},"end":{"line":48,"column":5}}}},"branchMap":{},"s":{"0":0,"1":0,"2":0,"3":0,"4":0,"5":0,"6":0},"f":{"0":0,"1":0},"b":{}}
,"C:\\dev\\projects\\pscm\\au-northwind\\source\\Presentation.WebSPA\\src\\apps\\administration-spa\\routes\\sales\\prices.ts": {"path":"C:\\dev\\projects\\pscm\\au-northwind\\source\\Presentation.WebSPA\\src\\apps\\administration-spa\\routes\\sales\\prices.ts","statementMap":{"0":{"start":{"line":1,"column":1},"end":{"line":1,"column":14}},"1":{"start":{"line":3,"column":0},"end":{"line":3,"column":null}},"2":{"start":{"line":1,"column":14},"end":{"line":1,"column":30}}},"fnMap":{"0":{"name":"(anonymous_0)","decl":{"start":{"line":1,"column":1},"end":{"line":1,"column":14}},"loc":{"start":{"line":1,"column":1},"end":{"line":3,"column":null}}}},"branchMap":{},"s":{"0":0,"1":0,"2":0},"f":{"0":0},"b":{}}
,"C:\\dev\\projects\\pscm\\au-northwind\\source\\Presentation.WebSPA\\src\\apps\\administration-spa\\routes\\sales\\pricing-change.ts": {"path":"C:\\dev\\projects\\pscm\\au-northwind\\source\\Presentation.WebSPA\\src\\apps\\administration-spa\\routes\\sales\\pricing-change.ts","statementMap":{"0":{"start":{"line":1,"column":1},"end":{"line":1,"column":70}},"1":{"start":{"line":2,"column":0},"end":{"line":2,"column":40}},"2":{"start":{"line":4,"column":0},"end":{"line":4,"column":65}},"3":{"start":{"line":5,"column":0},"end":{"line":5,"column":33}},"4":{"start":{"line":8,"column":0},"end":{"line":8,"column":13}},"5":{"start":{"line":9,"column":21},"end":{"line":9,"column":83}},"6":{"start":{"line":11,"column":12},"end":{"line":11,"column":56}},"7":{"start":{"line":17,"column":11},"end":{"line":17,"column":62}},"8":{"start":{"line":20,"column":11},"end":{"line":20,"column":33}},"9":{"start":{"line":22,"column":11},"end":{"line":22,"column":32}},"10":{"start":{"line":14,"column":8},"end":{"line":14,"column":35}},"11":{"start":{"line":24,"column":4},"end":{"line":26,"column":null}},"12":{"start":{"line":25,"column":8},"end":{"line":25,"column":85}},"13":{"start":{"line":28,"column":17},"end":{"line":31,"column":null}},"14":{"start":{"line":29,"column":8},"end":{"line":29,"column":74}},"15":{"start":{"line":30,"column":8},"end":{"line":30,"column":50}},"16":{"start":{"line":33,"column":17},"end":{"line":67,"column":null}},"17":{"start":{"line":34,"column":14},"end":{"line":34,"column":56}},"18":{"start":{"line":36,"column":8},"end":{"line":39,"column":null}},"19":{"start":{"line":37,"column":12},"end":{"line":37,"column":73}},"20":{"start":{"line":38,"column":12},"end":{"line":38,"column":19}},"21":{"start":{"line":41,"column":8},"end":{"line":61,"column":null}},"22":{"start":{"line":42,"column":12},"end":{"line":51,"column":null}},"23":{"start":{"line":43,"column":16},"end":{"line":43,"column":62}},"24":{"start":{"line":45,"column":16},"end":{"line":48,"column":null}},"25":{"start":{"line":46,"column":20},"end":{"line":46,"column":56}},"26":{"start":{"line":47,"column":20},"end":{"line":47,"column":27}},"27":{"start":{"line":50,"column":16},"end":{"line":50,"column":34}},"28":{"start":{"line":52,"column":15},"end":{"line":61,"column":null}},"29":{"start":{"line":53,"column":12},"end":{"line":60,"column":null}},"30":{"start":{"line":54,"column":16},"end":{"line":54,"column":62}},"31":{"start":{"line":56,"column":16},"end":{"line":59,"column":null}},"32":{"start":{"line":57,"column":20},"end":{"line":57,"column":56}},"33":{"start":{"line":58,"column":20},"end":{"line":58,"column":27}},"34":{"start":{"line":63,"column":8},"end":{"line":63,"column":88}},"35":{"start":{"line":65,"column":8},"end":{"line":65,"column":27}},"36":{"start":{"line":66,"column":8},"end":{"line":66,"column":26}},"37":{"start":{"line":69,"column":17},"end":{"line":73,"column":null}},"38":{"start":{"line":70,"column":8},"end":{"line":70,"column":27}},"39":{"start":{"line":71,"column":8},"end":{"line":71,"column":26}},"40":{"start":{"line":72,"column":8},"end":{"line":72,"column":36}},"41":{"start":{"line":20,"column":4},"end":{"line":20,"column":null}},"42":{"start":{"line":8,"column":13},"end":{"line":74,"column":null}},"43":{"start":{"line":74,"column":0},"end":{"line":74,"column":null}},"44":{"start":{"line":8,"column":13},"end":{"line":8,"column":37}}},"fnMap":{"0":{"name":"(anonymous_21)","decl":{"start":{"line":8,"column":0},"end":{"line":8,"column":13}},"loc":{"start":{"line":8,"column":0},"end":{"line":8,"column":13}}},"1":{"name":"PricingIncreaseViewModel","decl":{"start":{"line":13,"column":4},"end":{"line":13,"column":16}},"loc":{"start":{"line":13,"column":35},"end":{"line":15,"column":5}}},"2":{"name":"(anonymous_23)","decl":{"start":{"line":24,"column":4},"end":{"line":24,"column":15}},"loc":{"start":{"line":24,"column":4},"end":{"line":26,"column":5}}},"3":{"name":"(anonymous_24)","decl":{"start":{"line":28,"column":4},"end":{"line":28,"column":17}},"loc":{"start":{"line":28,"column":42},"end":{"line":31,"column":null}}},"4":{"name":"(anonymous_27)","decl":{"start":{"line":33,"column":4},"end":{"line":33,"column":17}},"loc":{"start":{"line":33,"column":4},"end":{"line":67,"column":null}}},"5":{"name":"(anonymous_30)","decl":{"start":{"line":69,"column":4},"end":{"line":69,"column":17}},"loc":{"start":{"line":69,"column":4},"end":{"line":73,"column":null}}}},"branchMap":{"0":{"loc":{"start":{"line":25,"column":49},"end":{"line":25,"column":65}},"type":"cond-expr","locations":[{"start":{"line":25,"column":49},"end":{"line":25,"column":65}},{"start":{"line":25,"column":68},"end":{"line":25,"column":84}}]},"1":{"loc":{"start":{"line":36,"column":8},"end":{"line":39,"column":null}},"type":"if","locations":[{"start":{"line":36,"column":8},"end":{"line":39,"column":null}},{"start":{"line":36,"column":8},"end":{"line":39,"column":null}}]},"2":{"loc":{"start":{"line":36,"column":12},"end":{"line":36,"column":25}},"type":"binary-expr","locations":[{"start":{"line":36,"column":12},"end":{"line":36,"column":25}},{"start":{"line":36,"column":29},"end":{"line":36,"column":54}}]},"3":{"loc":{"start":{"line":41,"column":8},"end":{"line":61,"column":null}},"type":"if","locations":[{"start":{"line":41,"column":8},"end":{"line":61,"column":null}},{"start":{"line":41,"column":8},"end":{"line":61,"column":null}}]},"4":{"loc":{"start":{"line":45,"column":16},"end":{"line":48,"column":null}},"type":"if","locations":[{"start":{"line":45,"column":16},"end":{"line":48,"column":null}},{"start":{"line":45,"column":16},"end":{"line":48,"column":null}}]},"5":{"loc":{"start":{"line":52,"column":15},"end":{"line":61,"column":null}},"type":"if","locations":[{"start":{"line":52,"column":15},"end":{"line":61,"column":null}},{"start":{"line":52,"column":15},"end":{"line":61,"column":null}}]},"6":{"loc":{"start":{"line":56,"column":16},"end":{"line":59,"column":null}},"type":"if","locations":[{"start":{"line":56,"column":16},"end":{"line":59,"column":null}},{"start":{"line":56,"column":16},"end":{"line":59,"column":null}}]}},"s":{"0":0,"1":0,"2":0,"3":0,"4":0,"5":0,"6":0,"7":0,"8":0,"9":0,"10":0,"11":0,"12":0,"13":0,"14":0,"15":0,"16":0,"17":0,"18":0,"19":0,"20":0,"21":0,"22":0,"23":0,"24":0,"25":0,"26":0,"27":0,"28":0,"29":0,"30":0,"31":0,"32":0,"33":0,"34":0,"35":0,"36":0,"37":0,"38":0,"39":0,"40":0,"41":0,"42":0,"43":0,"44":0},"f":{"0":0,"1":0,"2":0,"3":0,"4":0,"5":0},"b":{"0":[0,0],"1":[0,0],"2":[0,0],"3":[0,0],"4":[0,0],"5":[0,0],"6":[0,0]}}
,"C:\\dev\\projects\\pscm\\au-northwind\\source\\Presentation.WebSPA\\src\\apps\\administration-spa\\routes\\sales\\models\\product-price-model.ts": {"path":"C:\\dev\\projects\\pscm\\au-northwind\\source\\Presentation.WebSPA\\src\\apps\\administration-spa\\routes\\sales\\models\\product-price-model.ts","statementMap":{"0":{"start":{"line":1,"column":1},"end":{"line":1,"column":14}},"1":{"start":{"line":10,"column":11},"end":{"line":10,"column":41}},"2":{"start":{"line":11,"column":11},"end":{"line":11,"column":40}},"3":{"start":{"line":12,"column":11},"end":{"line":12,"column":60}},"4":{"start":{"line":13,"column":11},"end":{"line":13,"column":36}},"5":{"start":{"line":5,"column":8},"end":{"line":5,"column":47}},"6":{"start":{"line":6,"column":8},"end":{"line":6,"column":52}},"7":{"start":{"line":7,"column":8},"end":{"line":7,"column":53}},"8":{"start":{"line":15,"column":4},"end":{"line":17,"column":null}},"9":{"start":{"line":16,"column":8},"end":{"line":16,"column":29}},"10":{"start":{"line":19,"column":11},"end":{"line":26,"column":null}},"11":{"start":{"line":20,"column":8},"end":{"line":22,"column":null}},"12":{"start":{"line":21,"column":12},"end":{"line":21,"column":92}},"13":{"start":{"line":23,"column":30},"end":{"line":23,"column":63}},"14":{"start":{"line":24,"column":8},"end":{"line":24,"column":98}},"15":{"start":{"line":25,"column":8},"end":{"line":25,"column":42}},"16":{"start":{"line":28,"column":11},"end":{"line":35,"column":null}},"17":{"start":{"line":29,"column":8},"end":{"line":31,"column":null}},"18":{"start":{"line":30,"column":12},"end":{"line":30,"column":91}},"19":{"start":{"line":32,"column":30},"end":{"line":32,"column":63}},"20":{"start":{"line":33,"column":8},"end":{"line":33,"column":98}},"21":{"start":{"line":34,"column":8},"end":{"line":34,"column":42}},"22":{"start":{"line":36,"column":0},"end":{"line":36,"column":null}},"23":{"start":{"line":1,"column":14},"end":{"line":1,"column":31}}},"fnMap":{"0":{"name":"(anonymous_0)","decl":{"start":{"line":1,"column":1},"end":{"line":1,"column":14}},"loc":{"start":{"line":1,"column":1},"end":{"line":36,"column":null}}},"1":{"name":"ProductPriceModel","decl":{"start":{"line":4,"column":4},"end":{"line":4,"column":16}},"loc":{"start":{"line":4,"column":42},"end":{"line":8,"column":5}}},"2":{"name":"(anonymous_2)","decl":{"start":{"line":15,"column":4},"end":{"line":15,"column":15}},"loc":{"start":{"line":15,"column":4},"end":{"line":17,"column":5}}},"3":{"name":"(anonymous_3)","decl":{"start":{"line":19,"column":4},"end":{"line":19,"column":11}},"loc":{"start":{"line":19,"column":69},"end":{"line":26,"column":5}}},"4":{"name":"(anonymous_4)","decl":{"start":{"line":28,"column":4},"end":{"line":28,"column":11}},"loc":{"start":{"line":28,"column":69},"end":{"line":35,"column":5}}}},"branchMap":{"0":{"loc":{"start":{"line":20,"column":8},"end":{"line":22,"column":null}},"type":"if","locations":[{"start":{"line":20,"column":8},"end":{"line":22,"column":null}},{"start":{"line":20,"column":8},"end":{"line":22,"column":null}}]},"1":{"loc":{"start":{"line":29,"column":8},"end":{"line":31,"column":null}},"type":"if","locations":[{"start":{"line":29,"column":8},"end":{"line":31,"column":null}},{"start":{"line":29,"column":8},"end":{"line":31,"column":null}}]}},"s":{"0":0,"1":0,"2":0,"3":0,"4":0,"5":0,"6":0,"7":0,"8":0,"9":0,"10":0,"11":0,"12":0,"13":0,"14":0,"15":0,"16":0,"17":0,"18":0,"19":0,"20":0,"21":0,"22":0,"23":0},"f":{"0":0,"1":0,"2":0,"3":0,"4":0},"b":{"0":[0,0],"1":[0,0]}}
,"C:\\dev\\projects\\pscm\\au-northwind\\source\\Presentation.WebSPA\\src\\apps\\administration-spa\\routes\\warehouse\\index.ts": {"path":"C:\\dev\\projects\\pscm\\au-northwind\\source\\Presentation.WebSPA\\src\\apps\\administration-spa\\routes\\warehouse\\index.ts","statementMap":{"0":{"start":{"line":1,"column":1},"end":{"line":1,"column":40}},"1":{"start":{"line":4,"column":0},"end":{"line":4,"column":13}},"2":{"start":{"line":7,"column":11},"end":{"line":47,"column":null}},"3":{"start":{"line":8,"column":8},"end":{"line":45,"column":11}},"4":{"start":{"line":46,"column":8},"end":{"line":46,"column":34}},"5":{"start":{"line":48,"column":0},"end":{"line":48,"column":null}},"6":{"start":{"line":4,"column":13},"end":{"line":4,"column":36}}},"fnMap":{"0":{"name":"(anonymous_0)","decl":{"start":{"line":4,"column":0},"end":{"line":4,"column":13}},"loc":{"start":{"line":4,"column":0},"end":{"line":48,"column":null}}},"1":{"name":"(anonymous_2)","decl":{"start":{"line":7,"column":4},"end":{"line":7,"column":11}},"loc":{"start":{"line":7,"column":80},"end":{"line":47,"column":5}}}},"branchMap":{},"s":{"0":0,"1":0,"2":0,"3":0,"4":0,"5":0,"6":0},"f":{"0":0,"1":0},"b":{}}
,"C:\\dev\\projects\\pscm\\au-northwind\\source\\Presentation.WebSPA\\src\\apps\\administration-spa\\routes\\warehouse\\inventory.ts": {"path":"C:\\dev\\projects\\pscm\\au-northwind\\source\\Presentation.WebSPA\\src\\apps\\administration-spa\\routes\\warehouse\\inventory.ts","statementMap":{"0":{"start":{"line":1,"column":1},"end":{"line":1,"column":14}},"1":{"start":{"line":3,"column":0},"end":{"line":3,"column":null}},"2":{"start":{"line":1,"column":14},"end":{"line":1,"column":32}}},"fnMap":{"0":{"name":"(anonymous_0)","decl":{"start":{"line":1,"column":1},"end":{"line":1,"column":14}},"loc":{"start":{"line":1,"column":1},"end":{"line":3,"column":null}}}},"branchMap":{},"s":{"0":0,"1":0,"2":0},"f":{"0":0},"b":{}}
,"C:\\dev\\projects\\pscm\\au-northwind\\source\\Presentation.WebSPA\\src\\apps\\shopping-spa\\app.ts": {"path":"C:\\dev\\projects\\pscm\\au-northwind\\source\\Presentation.WebSPA\\src\\apps\\shopping-spa\\app.ts","statementMap":{"0":{"start":{"line":1,"column":1},"end":{"line":1,"column":40}},"1":{"start":{"line":3,"column":0},"end":{"line":3,"column":46}},"2":{"start":{"line":5,"column":0},"end":{"line":5,"column":13}},"3":{"start":{"line":6,"column":21},"end":{"line":6,"column":75}},"4":{"start":{"line":10,"column":11},"end":{"line":19,"column":null}},"5":{"start":{"line":11,"column":8},"end":{"line":11,"column":40}},"6":{"start":{"line":13,"column":8},"end":{"line":16,"column":11}},"7":{"start":{"line":18,"column":8},"end":{"line":18,"column":30}},"8":{"start":{"line":20,"column":0},"end":{"line":20,"column":null}},"9":{"start":{"line":5,"column":13},"end":{"line":5,"column":33}}},"fnMap":{"0":{"name":"(anonymous_0)","decl":{"start":{"line":5,"column":0},"end":{"line":5,"column":13}},"loc":{"start":{"line":5,"column":0},"end":{"line":20,"column":null}}},"1":{"name":"(anonymous_2)","decl":{"start":{"line":10,"column":4},"end":{"line":10,"column":11}},"loc":{"start":{"line":10,"column":72},"end":{"line":19,"column":5}}}},"branchMap":{},"s":{"0":1,"1":1,"2":1,"3":1,"4":1,"5":1,"6":1,"7":1,"8":1,"9":1},"f":{"0":2,"1":1},"b":{}}
,"C:\\dev\\projects\\pscm\\au-northwind\\source\\Presentation.WebSPA\\src\\apps\\shopping-spa\\no-selection.ts": {"path":"C:\\dev\\projects\\pscm\\au-northwind\\source\\Presentation.WebSPA\\src\\apps\\shopping-spa\\no-selection.ts","statementMap":{"0":{"start":{"line":1,"column":1},"end":{"line":1,"column":14}},"1":{"start":{"line":5,"column":8},"end":{"line":5,"column":50}},"2":{"start":{"line":7,"column":0},"end":{"line":7,"column":null}},"3":{"start":{"line":1,"column":14},"end":{"line":1,"column":34}}},"fnMap":{"0":{"name":"(anonymous_0)","decl":{"start":{"line":1,"column":1},"end":{"line":1,"column":14}},"loc":{"start":{"line":1,"column":1},"end":{"line":7,"column":null}}},"1":{"name":"NoSelectionViewModel","decl":{"start":{"line":4,"column":4},"end":{"line":4,"column":null}},"loc":{"start":{"line":4,"column":4},"end":{"line":6,"column":5}}}},"branchMap":{},"s":{"0":0,"1":0,"2":0,"3":0},"f":{"0":0,"1":0},"b":{}}
,"C:\\dev\\projects\\pscm\\au-northwind\\source\\Presentation.WebSPA\\src\\apps\\shopping-spa\\product-detail.ts": {"path":"C:\\dev\\projects\\pscm\\au-northwind\\source\\Presentation.WebSPA\\src\\apps\\shopping-spa\\product-detail.ts","statementMap":{"0":{"start":{"line":1,"column":1},"end":{"line":1,"column":14}},"1":{"start":{"line":6,"column":0},"end":{"line":6,"column":null}},"2":{"start":{"line":1,"column":14},"end":{"line":1,"column":36}}},"fnMap":{"0":{"name":"(anonymous_0)","decl":{"start":{"line":1,"column":1},"end":{"line":1,"column":14}},"loc":{"start":{"line":1,"column":1},"end":{"line":6,"column":null}}},"1":{"name":"ProductDetailViewModel","decl":{"start":{"line":3,"column":4},"end":{"line":3,"column":null}},"loc":{"start":{"line":3,"column":4},"end":{"line":5,"column":5}}}},"branchMap":{},"s":{"0":0,"1":0,"2":0},"f":{"0":0,"1":0},"b":{}}
,"C:\\dev\\projects\\pscm\\au-northwind\\source\\Presentation.WebSPA\\src\\apps\\shopping-spa\\resources\\index.ts": {"path":"C:\\dev\\projects\\pscm\\au-northwind\\source\\Presentation.WebSPA\\src\\apps\\shopping-spa\\resources\\index.ts","statementMap":{"0":{"start":{"line":3,"column":0},"end":{"line":3,"column":16}}},"fnMap":{"0":{"name":"configure","decl":{"start":{"line":3,"column":16},"end":{"line":3,"column":25}},"loc":{"start":{"line":3,"column":56},"end":{"line":5,"column":1}}}},"branchMap":{},"s":{"0":0},"f":{"0":0},"b":{}}
,"C:\\dev\\projects\\pscm\\au-northwind\\source\\Presentation.WebSPA\\src\\common\\api-logger-interceptor.ts": {"path":"C:\\dev\\projects\\pscm\\au-northwind\\source\\Presentation.WebSPA\\src\\common\\api-logger-interceptor.ts","statementMap":{"0":{"start":{"line":1,"column":1},"end":{"line":1,"column":48}},"1":{"start":{"line":4,"column":0},"end":{"line":4,"column":13}},"2":{"start":{"line":5,"column":21},"end":{"line":5,"column":75}},"3":{"start":{"line":7,"column":11},"end":{"line":10,"column":null}},"4":{"start":{"line":8,"column":8},"end":{"line":8,"column":109}},"5":{"start":{"line":9,"column":8},"end":{"line":9,"column":24}},"6":{"start":{"line":12,"column":11},"end":{"line":15,"column":null}},"7":{"start":{"line":13,"column":8},"end":{"line":13,"column":89}},"8":{"start":{"line":14,"column":8},"end":{"line":14,"column":22}},"9":{"start":{"line":17,"column":11},"end":{"line":20,"column":null}},"10":{"start":{"line":18,"column":8},"end":{"line":18,"column":123}},"11":{"start":{"line":19,"column":8},"end":{"line":19,"column":25}},"12":{"start":{"line":22,"column":11},"end":{"line":25,"column":null}},"13":{"start":{"line":23,"column":8},"end":{"line":23,"column":99}},"14":{"start":{"line":24,"column":8},"end":{"line":24,"column":22}},"15":{"start":{"line":26,"column":0},"end":{"line":26,"column":null}},"16":{"start":{"line":4,"column":13},"end":{"line":4,"column":33}}},"fnMap":{"0":{"name":"(anonymous_0)","decl":{"start":{"line":4,"column":0},"end":{"line":4,"column":13}},"loc":{"start":{"line":4,"column":0},"end":{"line":26,"column":null}}},"1":{"name":"(anonymous_2)","decl":{"start":{"line":7,"column":4},"end":{"line":7,"column":11}},"loc":{"start":{"line":7,"column":36},"end":{"line":10,"column":5}}},"2":{"name":"(anonymous_3)","decl":{"start":{"line":12,"column":4},"end":{"line":12,"column":11}},"loc":{"start":{"line":12,"column":35},"end":{"line":15,"column":5}}},"3":{"name":"(anonymous_4)","decl":{"start":{"line":17,"column":4},"end":{"line":17,"column":11}},"loc":{"start":{"line":17,"column":59},"end":{"line":20,"column":5}}},"4":{"name":"(anonymous_5)","decl":{"start":{"line":22,"column":4},"end":{"line":22,"column":11}},"loc":{"start":{"line":22,"column":56},"end":{"line":25,"column":5}}}},"branchMap":{"0":{"loc":{"start":{"line":18,"column":94},"end":{"line":18,"column":102}},"type":"cond-expr","locations":[{"start":{"line":18,"column":94},"end":{"line":18,"column":102}},{"start":{"line":18,"column":105},"end":{"line":18,"column":114}}]}},"s":{"0":0,"1":0,"2":0,"3":0,"4":0,"5":0,"6":0,"7":0,"8":0,"9":0,"10":0,"11":0,"12":0,"13":0,"14":0,"15":0,"16":0},"f":{"0":0,"1":0,"2":0,"3":0,"4":0},"b":{"0":[0,0]}}
,"C:\\dev\\projects\\pscm\\au-northwind\\source\\Presentation.WebSPA\\src\\common\\utils.ts": {"path":"C:\\dev\\projects\\pscm\\au-northwind\\source\\Presentation.WebSPA\\src\\common\\utils.ts","statementMap":{"0":{"start":{"line":2,"column":30},"end":{"line":2,"column":48}},"1":{"start":{"line":3,"column":4},"end":{"line":3,"column":34}},"2":{"start":{"line":6,"column":4},"end":{"line":6,"column":27}},"3":{"start":{"line":7,"column":4},"end":{"line":7,"column":27}},"4":{"start":{"line":10,"column":4},"end":{"line":10,"column":27}},"5":{"start":{"line":11,"column":4},"end":{"line":11,"column":27}},"6":{"start":{"line":13,"column":28},"end":{"line":13,"column":66}},"7":{"start":{"line":14,"column":22},"end":{"line":14,"column":23}},"8":{"start":{"line":16,"column":4},"end":{"line":19,"column":6}},"9":{"start":{"line":18,"column":14},"end":{"line":18,"column":null}},"10":{"start":{"line":1,"column":1},"end":{"line":1,"column":17}}},"fnMap":{"0":{"name":"createGuid","decl":{"start":{"line":1,"column":17},"end":{"line":1,"column":27}},"loc":{"start":{"line":1,"column":27},"end":{"line":20,"column":1}}},"1":{"name":"(anonymous_1)","decl":{"start":{"line":18,"column":8},"end":{"line":18,"column":14}},"loc":{"start":{"line":18,"column":8},"end":{"line":18,"column":19}}}},"branchMap":{},"s":{"0":0,"1":0,"2":0,"3":0,"4":0,"5":0,"6":0,"7":0,"8":0,"9":0,"10":0},"f":{"0":0,"1":0},"b":{}}
,"C:\\dev\\projects\\pscm\\au-northwind\\source\\Presentation.WebSPA\\src\\resources\\index.ts": {"path":"C:\\dev\\projects\\pscm\\au-northwind\\source\\Presentation.WebSPA\\src\\resources\\index.ts","statementMap":{"0":{"start":{"line":4,"column":4},"end":{"line":10,"column":7}},"1":{"start":{"line":3,"column":0},"end":{"line":3,"column":16}}},"fnMap":{"0":{"name":"configure","decl":{"start":{"line":3,"column":16},"end":{"line":3,"column":25}},"loc":{"start":{"line":3,"column":56},"end":{"line":11,"column":1}}}},"branchMap":{},"s":{"0":0,"1":0},"f":{"0":0},"b":{}}
,"C:\\dev\\projects\\pscm\\au-northwind\\source\\Presentation.WebSPA\\src\\resources\\elements\\complex-input.ts": {"path":"C:\\dev\\projects\\pscm\\au-northwind\\source\\Presentation.WebSPA\\src\\resources\\elements\\complex-input.ts","statementMap":{"0":{"start":{"line":1,"column":1},"end":{"line":1,"column":92}},"1":{"start":{"line":5,"column":0},"end":{"line":5,"column":13}},"2":{"start":{"line":6,"column":21},"end":{"line":6,"column":83}},"3":{"start":{"line":12,"column":11},"end":{"line":12,"column":30}},"4":{"start":{"line":15,"column":11},"end":{"line":15,"column":37}},"5":{"start":{"line":18,"column":11},"end":{"line":18,"column":81}},"6":{"start":{"line":21,"column":11},"end":{"line":21,"column":37}},"7":{"start":{"line":24,"column":11},"end":{"line":24,"column":38}},"8":{"start":{"line":27,"column":11},"end":{"line":27,"column":43}},"9":{"start":{"line":30,"column":11},"end":{"line":30,"column":30}},"10":{"start":{"line":33,"column":11},"end":{"line":33,"column":36}},"11":{"start":{"line":36,"column":11},"end":{"line":36,"column":35}},"12":{"start":{"line":39,"column":11},"end":{"line":39,"column":42}},"13":{"start":{"line":41,"column":4},"end":{"line":43,"column":null}},"14":{"start":{"line":42,"column":8},"end":{"line":42,"column":63}},"15":{"start":{"line":45,"column":4},"end":{"line":47,"column":null}},"16":{"start":{"line":46,"column":8},"end":{"line":46,"column":61}},"17":{"start":{"line":49,"column":17},"end":{"line":55,"column":null}},"18":{"start":{"line":50,"column":8},"end":{"line":52,"column":null}},"19":{"start":{"line":51,"column":12},"end":{"line":51,"column":96}},"20":{"start":{"line":54,"column":8},"end":{"line":54,"column":90}},"21":{"start":{"line":57,"column":17},"end":{"line":62,"column":null}},"22":{"start":{"line":58,"column":8},"end":{"line":61,"column":null}},"23":{"start":{"line":59,"column":12},"end":{"line":59,"column":35}},"24":{"start":{"line":60,"column":12},"end":{"line":60,"column":91}},"25":{"start":{"line":9,"column":4},"end":{"line":9,"column":null}},"26":{"start":{"line":12,"column":4},"end":{"line":12,"column":null}},"27":{"start":{"line":15,"column":4},"end":{"line":15,"column":null}},"28":{"start":{"line":18,"column":4},"end":{"line":18,"column":null}},"29":{"start":{"line":21,"column":4},"end":{"line":21,"column":null}},"30":{"start":{"line":24,"column":4},"end":{"line":24,"column":null}},"31":{"start":{"line":27,"column":4},"end":{"line":27,"column":null}},"32":{"start":{"line":30,"column":4},"end":{"line":30,"column":null}},"33":{"start":{"line":33,"column":4},"end":{"line":33,"column":null}},"34":{"start":{"line":36,"column":4},"end":{"line":36,"column":null}},"35":{"start":{"line":39,"column":4},"end":{"line":39,"column":null}},"36":{"start":{"line":5,"column":13},"end":{"line":63,"column":null}},"37":{"start":{"line":63,"column":0},"end":{"line":63,"column":null}},"38":{"start":{"line":5,"column":13},"end":{"line":5,"column":38}}},"fnMap":{"0":{"name":"(anonymous_15)","decl":{"start":{"line":5,"column":0},"end":{"line":5,"column":13}},"loc":{"start":{"line":5,"column":0},"end":{"line":5,"column":13}}},"1":{"name":"(anonymous_17)","decl":{"start":{"line":41,"column":4},"end":{"line":41,"column":15}},"loc":{"start":{"line":41,"column":4},"end":{"line":43,"column":5}}},"2":{"name":"(anonymous_18)","decl":{"start":{"line":45,"column":4},"end":{"line":45,"column":15}},"loc":{"start":{"line":45,"column":4},"end":{"line":47,"column":5}}},"3":{"name":"(anonymous_19)","decl":{"start":{"line":49,"column":4},"end":{"line":49,"column":17}},"loc":{"start":{"line":49,"column":57},"end":{"line":55,"column":null}}},"4":{"name":"(anonymous_22)","decl":{"start":{"line":57,"column":4},"end":{"line":57,"column":17}},"loc":{"start":{"line":57,"column":4},"end":{"line":62,"column":null}}}},"branchMap":{"0":{"loc":{"start":{"line":42,"column":15},"end":{"line":42,"column":31}},"type":"binary-expr","locations":[{"start":{"line":42,"column":15},"end":{"line":42,"column":31}},{"start":{"line":42,"column":35},"end":{"line":42,"column":62}}]},"1":{"loc":{"start":{"line":46,"column":15},"end":{"line":46,"column":30}},"type":"binary-expr","locations":[{"start":{"line":46,"column":15},"end":{"line":46,"column":30}},{"start":{"line":46,"column":34},"end":{"line":46,"column":60}}]},"2":{"loc":{"start":{"line":50,"column":8},"end":{"line":52,"column":null}},"type":"if","locations":[{"start":{"line":50,"column":8},"end":{"line":52,"column":null}},{"start":{"line":50,"column":8},"end":{"line":52,"column":null}}]},"3":{"loc":{"start":{"line":50,"column":12},"end":{"line":50,"column":25}},"type":"binary-expr","locations":[{"start":{"line":50,"column":12},"end":{"line":50,"column":25}},{"start":{"line":50,"column":29},"end":{"line":50,"column":54}}]},"4":{"loc":{"start":{"line":58,"column":8},"end":{"line":61,"column":null}},"type":"if","locations":[{"start":{"line":58,"column":8},"end":{"line":61,"column":null}},{"start":{"line":58,"column":8},"end":{"line":61,"column":null}}]},"5":{"loc":{"start":{"line":58,"column":12},"end":{"line":58,"column":23}},"type":"binary-expr","locations":[{"start":{"line":58,"column":12},"end":{"line":58,"column":23}},{"start":{"line":58,"column":27},"end":{"line":58,"column":50}}]}},"s":{"0":0,"1":0,"2":0,"3":0,"4":0,"5":0,"6":0,"7":0,"8":0,"9":0,"10":0,"11":0,"12":0,"13":0,"14":0,"15":0,"16":0,"17":0,"18":0,"19":0,"20":0,"21":0,"22":0,"23":0,"24":0,"25":0,"26":0,"27":0,"28":0,"29":0,"30":0,"31":0,"32":0,"33":0,"34":0,"35":0,"36":0,"37":0,"38":0},"f":{"0":0,"1":0,"2":0,"3":0,"4":0},"b":{"0":[0,0],"1":[0,0],"2":[0,0],"3":[0,0],"4":[0,0],"5":[0,0]}}
,"C:\\dev\\projects\\pscm\\au-northwind\\source\\Presentation.WebSPA\\src\\resources\\elements\\lr-single-selector.ts": {"path":"C:\\dev\\projects\\pscm\\au-northwind\\source\\Presentation.WebSPA\\src\\resources\\elements\\lr-single-selector.ts","statementMap":{"0":{"start":{"line":1,"column":1},"end":{"line":1,"column":86}},"1":{"start":{"line":2,"column":0},"end":{"line":2,"column":84}},"2":{"start":{"line":5,"column":0},"end":{"line":5,"column":null}},"3":{"start":{"line":5,"column":52},"end":{"line":5,"column":81}},"4":{"start":{"line":9,"column":8},"end":{"line":9,"column":null}},"5":{"start":{"line":6,"column":23},"end":{"line":6,"column":93}},"6":{"start":{"line":5,"column":13},"end":{"line":5,"column":52}},"7":{"start":{"line":19,"column":18},"end":{"line":25,"column":null}},"8":{"start":{"line":20,"column":8},"end":{"line":20,"column":34}},"9":{"start":{"line":21,"column":8},"end":{"line":21,"column":48}},"10":{"start":{"line":22,"column":8},"end":{"line":22,"column":58}},"11":{"start":{"line":23,"column":8},"end":{"line":23,"column":54}},"12":{"start":{"line":27,"column":11},"end":{"line":36,"column":null}},"13":{"start":{"line":28,"column":8},"end":{"line":29,"column":19}},"14":{"start":{"line":29,"column":12},"end":{"line":29,"column":19}},"15":{"start":{"line":31,"column":31},"end":{"line":31,"column":58}},"16":{"start":{"line":32,"column":8},"end":{"line":33,"column":65}},"17":{"start":{"line":33,"column":12},"end":{"line":33,"column":65}},"18":{"start":{"line":35,"column":8},"end":{"line":35,"column":49}},"19":{"start":{"line":38,"column":11},"end":{"line":48,"column":null}},"20":{"start":{"line":39,"column":8},"end":{"line":40,"column":19}},"21":{"start":{"line":40,"column":12},"end":{"line":40,"column":19}},"22":{"start":{"line":42,"column":23},"end":{"line":42,"column":50}},"23":{"start":{"line":43,"column":23},"end":{"line":43,"column":42}},"24":{"start":{"line":44,"column":8},"end":{"line":45,"column":54}},"25":{"start":{"line":45,"column":12},"end":{"line":45,"column":54}},"26":{"start":{"line":47,"column":8},"end":{"line":47,"column":49}},"27":{"start":{"line":50,"column":12},"end":{"line":52,"column":null}},"28":{"start":{"line":51,"column":8},"end":{"line":51,"column":37}},"29":{"start":{"line":13,"column":4},"end":{"line":13,"column":null}},"30":{"start":{"line":16,"column":4},"end":{"line":16,"column":null}},"31":{"start":{"line":5,"column":13},"end":{"line":53,"column":null}},"32":{"start":{"line":53,"column":0},"end":{"line":53,"column":null}},"33":{"start":{"line":5,"column":13},"end":{"line":5,"column":43}}},"fnMap":{"0":{"name":"(anonymous_21)","decl":{"start":{"line":5,"column":0},"end":{"line":5,"column":13}},"loc":{"start":{"line":5,"column":0},"end":{"line":5,"column":13}}},"1":{"name":"LeftRightSingleSelectorElement","decl":{"start":{"line":8,"column":4},"end":{"line":8,"column":null}},"loc":{"start":{"line":8,"column":4},"end":{"line":10,"column":5}}},"2":{"name":"(anonymous_23)","decl":{"start":{"line":19,"column":4},"end":{"line":19,"column":18}},"loc":{"start":{"line":19,"column":38},"end":{"line":25,"column":null}}},"3":{"name":"(anonymous_26)","decl":{"start":{"line":27,"column":4},"end":{"line":27,"column":11}},"loc":{"start":{"line":27,"column":4},"end":{"line":36,"column":5}}},"4":{"name":"(anonymous_27)","decl":{"start":{"line":38,"column":4},"end":{"line":38,"column":11}},"loc":{"start":{"line":38,"column":4},"end":{"line":48,"column":5}}},"5":{"name":"(anonymous_28)","decl":{"start":{"line":50,"column":4},"end":{"line":50,"column":12}},"loc":{"start":{"line":50,"column":4},"end":{"line":52,"column":5}}}},"branchMap":{"0":{"loc":{"start":{"line":9,"column":8},"end":{"line":9,"column":15}},"type":"binary-expr","locations":[{"start":{"line":9,"column":8},"end":{"line":9,"column":15}},{"start":{"line":9,"column":15},"end":{"line":9,"column":null}}]},"1":{"loc":{"start":{"line":28,"column":8},"end":{"line":29,"column":19}},"type":"if","locations":[{"start":{"line":28,"column":8},"end":{"line":29,"column":19}},{"start":{"line":28,"column":8},"end":{"line":29,"column":19}}]},"2":{"loc":{"start":{"line":32,"column":8},"end":{"line":33,"column":65}},"type":"if","locations":[{"start":{"line":32,"column":8},"end":{"line":33,"column":65}},{"start":{"line":32,"column":8},"end":{"line":33,"column":65}}]},"3":{"loc":{"start":{"line":33,"column":41},"end":{"line":33,"column":60}},"type":"cond-expr","locations":[{"start":{"line":33,"column":41},"end":{"line":33,"column":60}},{"start":{"line":33,"column":63},"end":{"line":33,"column":64}}]},"4":{"loc":{"start":{"line":39,"column":8},"end":{"line":40,"column":19}},"type":"if","locations":[{"start":{"line":39,"column":8},"end":{"line":40,"column":19}},{"start":{"line":39,"column":8},"end":{"line":40,"column":19}}]},"5":{"loc":{"start":{"line":44,"column":8},"end":{"line":45,"column":54}},"type":"if","locations":[{"start":{"line":44,"column":8},"end":{"line":45,"column":54}},{"start":{"line":44,"column":8},"end":{"line":45,"column":54}}]},"6":{"loc":{"start":{"line":45,"column":41},"end":{"line":45,"column":42}},"type":"cond-expr","locations":[{"start":{"line":45,"column":41},"end":{"line":45,"column":42}},{"start":{"line":45,"column":45},"end":{"line":45,"column":53}}]}},"s":{"0":0,"1":0,"2":0,"3":0,"4":0,"5":0,"6":0,"7":0,"8":0,"9":0,"10":0,"11":0,"12":0,"13":0,"14":0,"15":0,"16":0,"17":0,"18":0,"19":0,"20":0,"21":0,"22":0,"23":0,"24":0,"25":0,"26":0,"27":0,"28":0,"29":0,"30":0,"31":0,"32":0,"33":0},"f":{"0":0,"1":0,"2":0,"3":0,"4":0,"5":0},"b":{"0":[0,0],"1":[0,0],"2":[0,0],"3":[0,0],"4":[0,0],"5":[0,0],"6":[0,0]}}
,"C:\\dev\\projects\\pscm\\au-northwind\\source\\Presentation.WebSPA\\src\\resources\\elements\\single-item-selector-element-base.ts": {"path":"C:\\dev\\projects\\pscm\\au-northwind\\source\\Presentation.WebSPA\\src\\resources\\elements\\single-item-selector-element-base.ts","statementMap":{"0":{"start":{"line":1,"column":1},"end":{"line":1,"column":83}},"1":{"start":{"line":3,"column":0},"end":{"line":3,"column":22}},"2":{"start":{"line":4,"column":23},"end":{"line":4,"column":92}},"3":{"start":{"line":5,"column":26},"end":{"line":5,"column":58}},"4":{"start":{"line":35,"column":11},"end":{"line":46,"column":null}},"5":{"start":{"line":36,"column":8},"end":{"line":37,"column":34}},"6":{"start":{"line":37,"column":12},"end":{"line":37,"column":34}},"7":{"start":{"line":39,"column":8},"end":{"line":40,"column":51}},"8":{"start":{"line":40,"column":12},"end":{"line":40,"column":51}},"9":{"start":{"line":42,"column":8},"end":{"line":45,"column":36}},"10":{"start":{"line":43,"column":12},"end":{"line":43,"column":49}},"11":{"start":{"line":45,"column":12},"end":{"line":45,"column":36}},"12":{"start":{"line":49,"column":14},"end":{"line":52,"column":null}},"13":{"start":{"line":50,"column":8},"end":{"line":50,"column":35}},"14":{"start":{"line":51,"column":8},"end":{"line":51,"column":37}},"15":{"start":{"line":54,"column":14},"end":{"line":65,"column":null}},"16":{"start":{"line":55,"column":8},"end":{"line":57,"column":null}},"17":{"start":{"line":56,"column":12},"end":{"line":56,"column":91}},"18":{"start":{"line":59,"column":28},"end":{"line":59,"column":57}},"19":{"start":{"line":60,"column":8},"end":{"line":63,"column":null}},"20":{"start":{"line":61,"column":12},"end":{"line":61,"column":77}},"21":{"start":{"line":62,"column":12},"end":{"line":62,"column":60}},"22":{"start":{"line":64,"column":8},"end":{"line":64,"column":48}},"23":{"start":{"line":67,"column":20},"end":{"line":78,"column":null}},"24":{"start":{"line":68,"column":8},"end":{"line":69,"column":19}},"25":{"start":{"line":69,"column":12},"end":{"line":69,"column":19}},"26":{"start":{"line":72,"column":18},"end":{"line":72,"column":55}},"27":{"start":{"line":73,"column":18},"end":{"line":73,"column":55}},"28":{"start":{"line":74,"column":12},"end":{"line":74,"column":91}},"29":{"start":{"line":76,"column":12},"end":{"line":76,"column":95}},"30":{"start":{"line":80,"column":14},"end":{"line":111,"column":null}},"31":{"start":{"line":80,"column":4},"end":{"line":80,"column":14}},"32":{"start":{"line":81,"column":8},"end":{"line":84,"column":null}},"33":{"start":{"line":82,"column":12},"end":{"line":82,"column":100}},"34":{"start":{"line":83,"column":12},"end":{"line":83,"column":19}},"35":{"start":{"line":86,"column":8},"end":{"line":89,"column":null}},"36":{"start":{"line":87,"column":12},"end":{"line":87,"column":101}},"37":{"start":{"line":88,"column":12},"end":{"line":88,"column":19}},"38":{"start":{"line":91,"column":46},"end":{"line":106,"column":10}},"39":{"start":{"line":92,"column":12},"end":{"line":93,"column":29}},"40":{"start":{"line":93,"column":16},"end":{"line":93,"column":29}},"41":{"start":{"line":95,"column":12},"end":{"line":103,"column":null}},"42":{"start":{"line":96,"column":16},"end":{"line":97,"column":33}},"43":{"start":{"line":97,"column":20},"end":{"line":97,"column":33}},"44":{"start":{"line":100,"column":16},"end":{"line":102,"column":null}},"45":{"start":{"line":101,"column":20},"end":{"line":101,"column":33}},"46":{"start":{"line":105,"column":12},"end":{"line":105,"column":24}},"47":{"start":{"line":108,"column":8},"end":{"line":110,"column":null}},"48":{"start":{"line":109,"column":12},"end":{"line":109,"column":111}},"49":{"start":{"line":5,"column":16},"end":{"line":5,"column":null}},"50":{"start":{"line":12,"column":4},"end":{"line":12,"column":null}},"51":{"start":{"line":15,"column":4},"end":{"line":15,"column":null}},"52":{"start":{"line":18,"column":4},"end":{"line":18,"column":null}},"53":{"start":{"line":21,"column":4},"end":{"line":21,"column":null}},"54":{"start":{"line":24,"column":4},"end":{"line":24,"column":null}},"55":{"start":{"line":27,"column":4},"end":{"line":27,"column":null}},"56":{"start":{"line":30,"column":4},"end":{"line":30,"column":null}},"57":{"start":{"line":33,"column":4},"end":{"line":33,"column":null}},"58":{"start":{"line":112,"column":0},"end":{"line":112,"column":null}},"59":{"start":{"line":3,"column":22},"end":{"line":3,"column":51}}},"fnMap":{"0":{"name":"(anonymous_15)","decl":{"start":{"line":3,"column":0},"end":{"line":3,"column":22}},"loc":{"start":{"line":3,"column":0},"end":{"line":3,"column":22}}},"1":{"name":"SingleItemSelectorElementBase","decl":{"start":{"line":7,"column":4},"end":{"line":7,"column":null}},"loc":{"start":{"line":7,"column":4},"end":{"line":9,"column":5}}},"2":{"name":"(anonymous_17)","decl":{"start":{"line":35,"column":4},"end":{"line":35,"column":11}},"loc":{"start":{"line":35,"column":37},"end":{"line":46,"column":5}}},"3":{"name":"(anonymous_18)","decl":{"start":{"line":49,"column":4},"end":{"line":49,"column":14}},"loc":{"start":{"line":49,"column":62},"end":{"line":52,"column":5}}},"4":{"name":"(anonymous_19)","decl":{"start":{"line":54,"column":4},"end":{"line":54,"column":14}},"loc":{"start":{"line":54,"column":65},"end":{"line":65,"column":5}}},"5":{"name":"(anonymous_20)","decl":{"start":{"line":67,"column":4},"end":{"line":67,"column":20}},"loc":{"start":{"line":67,"column":82},"end":{"line":78,"column":null}}},"6":{"name":"(anonymous_23)","decl":{"start":{"line":80,"column":4},"end":{"line":80,"column":14}},"loc":{"start":{"line":80,"column":4},"end":{"line":111,"column":5}}},"7":{"name":"(anonymous_24)","decl":{"start":{"line":91,"column":63},"end":{"line":91,"column":68}},"loc":{"start":{"line":91,"column":68},"end":{"line":106,"column":9}}}},"branchMap":{"0":{"loc":{"start":{"line":36,"column":8},"end":{"line":37,"column":34}},"type":"if","locations":[{"start":{"line":36,"column":8},"end":{"line":37,"column":34}},{"start":{"line":36,"column":8},"end":{"line":37,"column":34}}]},"1":{"loc":{"start":{"line":39,"column":8},"end":{"line":40,"column":51}},"type":"if","locations":[{"start":{"line":39,"column":8},"end":{"line":40,"column":51}},{"start":{"line":39,"column":8},"end":{"line":40,"column":51}}]},"2":{"loc":{"start":{"line":42,"column":8},"end":{"line":45,"column":36}},"type":"if","locations":[{"start":{"line":42,"column":8},"end":{"line":45,"column":36}},{"start":{"line":42,"column":8},"end":{"line":45,"column":36}}]},"3":{"loc":{"start":{"line":42,"column":12},"end":{"line":42,"column":37}},"type":"binary-expr","locations":[{"start":{"line":42,"column":12},"end":{"line":42,"column":37}},{"start":{"line":42,"column":41},"end":{"line":42,"column":63}}]},"4":{"loc":{"start":{"line":55,"column":8},"end":{"line":57,"column":null}},"type":"if","locations":[{"start":{"line":55,"column":8},"end":{"line":57,"column":null}},{"start":{"line":55,"column":8},"end":{"line":57,"column":null}}]},"5":{"loc":{"start":{"line":55,"column":12},"end":{"line":55,"column":23}},"type":"binary-expr","locations":[{"start":{"line":55,"column":12},"end":{"line":55,"column":23}},{"start":{"line":55,"column":27},"end":{"line":55,"column":48}}]},"6":{"loc":{"start":{"line":60,"column":8},"end":{"line":63,"column":null}},"type":"if","locations":[{"start":{"line":60,"column":8},"end":{"line":63,"column":null}},{"start":{"line":60,"column":8},"end":{"line":63,"column":null}}]},"7":{"loc":{"start":{"line":68,"column":8},"end":{"line":69,"column":19}},"type":"if","locations":[{"start":{"line":68,"column":8},"end":{"line":69,"column":19}},{"start":{"line":68,"column":8},"end":{"line":69,"column":19}}]},"8":{"loc":{"start":{"line":81,"column":8},"end":{"line":84,"column":null}},"type":"if","locations":[{"start":{"line":81,"column":8},"end":{"line":84,"column":null}},{"start":{"line":81,"column":8},"end":{"line":84,"column":null}}]},"9":{"loc":{"start":{"line":86,"column":8},"end":{"line":89,"column":null}},"type":"if","locations":[{"start":{"line":86,"column":8},"end":{"line":89,"column":null}},{"start":{"line":86,"column":8},"end":{"line":89,"column":null}}]},"10":{"loc":{"start":{"line":86,"column":12},"end":{"line":86,"column":23}},"type":"binary-expr","locations":[{"start":{"line":86,"column":12},"end":{"line":86,"column":23}},{"start":{"line":86,"column":27},"end":{"line":86,"column":50}}]},"11":{"loc":{"start":{"line":92,"column":12},"end":{"line":93,"column":29}},"type":"if","locations":[{"start":{"line":92,"column":12},"end":{"line":93,"column":29}},{"start":{"line":92,"column":12},"end":{"line":93,"column":29}}]},"12":{"loc":{"start":{"line":92,"column":16},"end":{"line":92,"column":41}},"type":"binary-expr","locations":[{"start":{"line":92,"column":16},"end":{"line":92,"column":41}},{"start":{"line":92,"column":45},"end":{"line":92,"column":67}},{"start":{"line":92,"column":71},"end":{"line":92,"column":114}}]},"13":{"loc":{"start":{"line":95,"column":12},"end":{"line":103,"column":null}},"type":"if","locations":[{"start":{"line":95,"column":12},"end":{"line":103,"column":null}},{"start":{"line":95,"column":12},"end":{"line":103,"column":null}}]},"14":{"loc":{"start":{"line":96,"column":16},"end":{"line":97,"column":33}},"type":"if","locations":[{"start":{"line":96,"column":16},"end":{"line":97,"column":33}},{"start":{"line":96,"column":16},"end":{"line":97,"column":33}}]},"15":{"loc":{"start":{"line":100,"column":16},"end":{"line":102,"column":null}},"type":"if","locations":[{"start":{"line":100,"column":16},"end":{"line":102,"column":null}},{"start":{"line":100,"column":16},"end":{"line":102,"column":null}}]},"16":{"loc":{"start":{"line":100,"column":20},"end":{"line":100,"column":71}},"type":"binary-expr","locations":[{"start":{"line":100,"column":20},"end":{"line":100,"column":71}},{"start":{"line":100,"column":75},"end":{"line":100,"column":126}}]},"17":{"loc":{"start":{"line":108,"column":8},"end":{"line":110,"column":null}},"type":"if","locations":[{"start":{"line":108,"column":8},"end":{"line":110,"column":null}},{"start":{"line":108,"column":8},"end":{"line":110,"column":null}}]}},"s":{"0":0,"1":0,"2":0,"3":0,"4":0,"5":0,"6":0,"7":0,"8":0,"9":0,"10":0,"11":0,"12":0,"13":0,"14":0,"15":0,"16":0,"17":0,"18":0,"19":0,"20":0,"21":0,"22":0,"23":0,"24":0,"25":0,"26":0,"27":0,"28":0,"29":0,"30":0,"31":0,"32":0,"33":0,"34":0,"35":0,"36":0,"37":0,"38":0,"39":0,"40":0,"41":0,"42":0,"43":0,"44":0,"45":0,"46":0,"47":0,"48":0,"49":0,"50":0,"51":0,"52":0,"53":0,"54":0,"55":0,"56":0,"57":0,"58":0,"59":0},"f":{"0":0,"1":0,"2":0,"3":0,"4":0,"5":0,"6":0,"7":0},"b":{"0":[0,0],"1":[0,0],"2":[0,0],"3":[0,0],"4":[0,0],"5":[0,0],"6":[0,0],"7":[0,0],"8":[0,0],"9":[0,0],"10":[0,0],"11":[0,0],"12":[0,0,0],"13":[0,0],"14":[0,0],"15":[0,0],"16":[0,0],"17":[0,0]}}
,"C:\\dev\\projects\\pscm\\au-northwind\\source\\Presentation.WebSPA\\src\\resources\\value-converters\\currency-format-value-converter.ts": {"path":"C:\\dev\\projects\\pscm\\au-northwind\\source\\Presentation.WebSPA\\src\\resources\\value-converters\\currency-format-value-converter.ts","statementMap":{"0":{"start":{"line":1,"column":1},"end":{"line":1,"column":48}},"1":{"start":{"line":4,"column":0},"end":{"line":4,"column":13}},"2":{"start":{"line":5,"column":21},"end":{"line":5,"column":83}},"3":{"start":{"line":7,"column":11},"end":{"line":18,"column":null}},"4":{"start":{"line":7,"column":33},"end":{"line":7,"column":59}},"5":{"start":{"line":7,"column":59},"end":{"line":7,"column":null}},"6":{"start":{"line":8,"column":8},"end":{"line":17,"column":null}},"7":{"start":{"line":9,"column":35},"end":{"line":9,"column":59}},"8":{"start":{"line":11,"column":16},"end":{"line":11,"column":103}},"9":{"start":{"line":12,"column":12},"end":{"line":12,"column":96}},"10":{"start":{"line":13,"column":12},"end":{"line":13,"column":29}},"11":{"start":{"line":15,"column":12},"end":{"line":15,"column":87}},"12":{"start":{"line":16,"column":12},"end":{"line":16,"column":23}},"13":{"start":{"line":19,"column":0},"end":{"line":19,"column":null}},"14":{"start":{"line":4,"column":13},"end":{"line":4,"column":41}}},"fnMap":{"0":{"name":"(anonymous_0)","decl":{"start":{"line":4,"column":0},"end":{"line":4,"column":13}},"loc":{"start":{"line":4,"column":0},"end":{"line":19,"column":null}}},"1":{"name":"(anonymous_2)","decl":{"start":{"line":7,"column":4},"end":{"line":7,"column":11}},"loc":{"start":{"line":7,"column":83},"end":{"line":18,"column":5}}}},"branchMap":{"0":{"loc":{"start":{"line":7,"column":33},"end":{"line":7,"column":59}},"type":"if","locations":[{"start":{"line":7,"column":33},"end":{"line":7,"column":59}},{"start":{"line":7,"column":33},"end":{"line":7,"column":59}}]},"1":{"loc":{"start":{"line":7,"column":59},"end":{"line":7,"column":null}},"type":"if","locations":[{"start":{"line":7,"column":59},"end":{"line":7,"column":null}},{"start":{"line":7,"column":59},"end":{"line":7,"column":null}}]}},"s":{"0":0,"1":0,"2":0,"3":0,"4":0,"5":0,"6":0,"7":0,"8":0,"9":0,"10":0,"11":0,"12":0,"13":0,"14":0},"f":{"0":0,"1":0},"b":{"0":[0,0],"1":[0,0]}}
,"C:\\dev\\projects\\pscm\\au-northwind\\source\\Presentation.WebSPA\\src\\resources\\value-converters\\date-format-value-converter.ts": {"path":"C:\\dev\\projects\\pscm\\au-northwind\\source\\Presentation.WebSPA\\src\\resources\\value-converters\\date-format-value-converter.ts","statementMap":{"0":{"start":{"line":1,"column":0},"end":{"line":1,"column":47}},"1":{"start":{"line":4,"column":0},"end":{"line":4,"column":28}},"2":{"start":{"line":6,"column":0},"end":{"line":6,"column":13}},"3":{"start":{"line":7,"column":21},"end":{"line":7,"column":83}},"4":{"start":{"line":9,"column":11},"end":{"line":14,"column":null}},"5":{"start":{"line":9,"column":33},"end":{"line":9,"column":null}},"6":{"start":{"line":11,"column":30},"end":{"line":11,"column":58}},"7":{"start":{"line":12,"column":8},"end":{"line":12,"column":92}},"8":{"start":{"line":13,"column":8},"end":{"line":13,"column":29}},"9":{"start":{"line":15,"column":0},"end":{"line":15,"column":null}},"10":{"start":{"line":6,"column":13},"end":{"line":6,"column":37}}},"fnMap":{"0":{"name":"(anonymous_1)","decl":{"start":{"line":6,"column":0},"end":{"line":6,"column":13}},"loc":{"start":{"line":6,"column":0},"end":{"line":15,"column":null}}},"1":{"name":"(anonymous_3)","decl":{"start":{"line":9,"column":4},"end":{"line":9,"column":11}},"loc":{"start":{"line":9,"column":70},"end":{"line":14,"column":5}}}},"branchMap":{"0":{"loc":{"start":{"line":9,"column":33},"end":{"line":9,"column":null}},"type":"if","locations":[{"start":{"line":9,"column":33},"end":{"line":9,"column":null}},{"start":{"line":9,"column":33},"end":{"line":9,"column":null}}]}},"s":{"0":0,"1":0,"2":0,"3":0,"4":0,"5":0,"6":0,"7":0,"8":0,"9":0,"10":0},"f":{"0":0,"1":0},"b":{"0":[0,0]}}
,"C:\\dev\\projects\\pscm\\au-northwind\\source\\Presentation.WebSPA\\src\\resources\\value-converters\\decimal-format-value-converter.ts": {"path":"C:\\dev\\projects\\pscm\\au-northwind\\source\\Presentation.WebSPA\\src\\resources\\value-converters\\decimal-format-value-converter.ts","statementMap":{"0":{"start":{"line":1,"column":1},"end":{"line":1,"column":48}},"1":{"start":{"line":4,"column":0},"end":{"line":4,"column":13}},"2":{"start":{"line":5,"column":21},"end":{"line":5,"column":83}},"3":{"start":{"line":7,"column":11},"end":{"line":24,"column":null}},"4":{"start":{"line":7,"column":33},"end":{"line":7,"column":59}},"5":{"start":{"line":7,"column":59},"end":{"line":7,"column":null}},"6":{"start":{"line":8,"column":8},"end":{"line":23,"column":null}},"7":{"start":{"line":9,"column":35},"end":{"line":9,"column":59}},"8":{"start":{"line":11,"column":16},"end":{"line":17,"column":35}},"9":{"start":{"line":18,"column":12},"end":{"line":18,"column":95}},"10":{"start":{"line":19,"column":12},"end":{"line":19,"column":29}},"11":{"start":{"line":21,"column":12},"end":{"line":21,"column":86}},"12":{"start":{"line":22,"column":12},"end":{"line":22,"column":23}},"13":{"start":{"line":25,"column":0},"end":{"line":25,"column":null}},"14":{"start":{"line":4,"column":13},"end":{"line":4,"column":40}}},"fnMap":{"0":{"name":"(anonymous_0)","decl":{"start":{"line":4,"column":0},"end":{"line":4,"column":13}},"loc":{"start":{"line":4,"column":0},"end":{"line":25,"column":null}}},"1":{"name":"(anonymous_2)","decl":{"start":{"line":7,"column":4},"end":{"line":7,"column":11}},"loc":{"start":{"line":7,"column":85},"end":{"line":24,"column":5}}}},"branchMap":{"0":{"loc":{"start":{"line":7,"column":33},"end":{"line":7,"column":59}},"type":"if","locations":[{"start":{"line":7,"column":33},"end":{"line":7,"column":59}},{"start":{"line":7,"column":33},"end":{"line":7,"column":59}}]},"1":{"loc":{"start":{"line":7,"column":59},"end":{"line":7,"column":null}},"type":"if","locations":[{"start":{"line":7,"column":59},"end":{"line":7,"column":null}},{"start":{"line":7,"column":59},"end":{"line":7,"column":null}}]}},"s":{"0":0,"1":0,"2":0,"3":0,"4":0,"5":0,"6":0,"7":0,"8":0,"9":0,"10":0,"11":0,"12":0,"13":0,"14":0},"f":{"0":0,"1":0},"b":{"0":[0,0],"1":[0,0]}}
}
