TN:
SF:C:\dev\projects\pscm\au-northwind\source\Presentation.WebSPA\src\environment.ts
FNF:0
FNH:0
DA:1,0
LF:1
LH:0
BRF:0
BRH:0
end_of_record
TN:
SF:C:\dev\projects\pscm\au-northwind\source\Presentation.WebSPA\src\main.ts
FN:7,configure
FN:37,(anonymous_8)
FNF:2
FNH:0
FNDA:0,configure
FNDA:0,(anonymous_8)
DA:2,0
DA:3,0
DA:4,0
DA:5,0
DA:7,0
DA:8,0
DA:12,0
DA:13,0
DA:15,0
DA:17,0
DA:18,0
DA:21,0
DA:22,0
DA:33,0
DA:34,0
DA:35,0
DA:37,0
DA:38,0
DA:39,0
LF:19
LH:0
BRDA:15,0,0,0
BRDA:15,0,1,0
BRDA:17,1,0,0
BRDA:17,1,1,0
BRF:4
BRH:0
end_of_record
TN:
SF:C:\dev\projects\pscm\au-northwind\source\Presentation.WebSPA\src\apps\administration-spa\app.ts
FN:6,(anonymous_0)
FN:11,(anonymous_2)
FNF:2
FNH:2
FNDA:2,(anonymous_0)
FNDA:1,(anonymous_2)
DA:1,1
DA:4,1
DA:6,1
DA:7,1
DA:11,1
DA:12,1
DA:14,1
DA:46,1
DA:48,1
DA:50,1
LF:10
LH:10
BRF:0
BRH:0
end_of_record
TN:
SF:C:\dev\projects\pscm\au-northwind\source\Presentation.WebSPA\src\apps\administration-spa\models\product-list-item.ts
FN:1,(anonymous_0)
FNF:1
FNH:0
FNDA:0,(anonymous_0)
DA:1,0
DA:2,0
DA:3,0
DA:4,0
DA:5,0
DA:6,0
LF:6
LH:0
BRF:0
BRH:0
end_of_record
TN:
SF:C:\dev\projects\pscm\au-northwind\source\Presentation.WebSPA\src\apps\administration-spa\resources\index.ts
FN:3,configure
FNF:1
FNH:0
FNDA:0,configure
DA:1,0
DA:3,0
DA:4,0
DA:6,0
DA:7,0
LF:5
LH:0
BRF:0
BRH:0
end_of_record
TN:
SF:C:\dev\projects\pscm\au-northwind\source\Presentation.WebSPA\src\apps\administration-spa\resources\custom-elements\product-listing.ts
FN:6,(anonymous_15)
FN:15,(anonymous_17)
FNF:2
FNH:0
FNDA:0,(anonymous_15)
FNDA:0,(anonymous_17)
DA:1,0
DA:6,0
DA:7,0
DA:10,0
DA:13,0
DA:15,0
DA:16,0
DA:19,0
LF:8
LH:0
BRDA:16,0,0,0
BRDA:16,0,1,0
BRF:2
BRH:0
end_of_record
TN:
SF:C:\dev\projects\pscm\au-northwind\source\Presentation.WebSPA\src\apps\administration-spa\resources\features\test-feature\hello-world.ts
FN:4,(anonymous_1)
FNF:1
FNH:0
FNDA:0,(anonymous_1)
DA:1,0
DA:4,0
DA:5,0
DA:6,0
LF:4
LH:0
BRF:0
BRH:0
end_of_record
TN:
SF:C:\dev\projects\pscm\au-northwind\source\Presentation.WebSPA\src\apps\administration-spa\resources\features\test-feature\index.ts
FN:3,configure
FNF:1
FNH:0
FNDA:0,configure
DA:3,0
DA:4,0
LF:2
LH:0
BRF:0
BRH:0
end_of_record
TN:
SF:C:\dev\projects\pscm\au-northwind\source\Presentation.WebSPA\src\apps\administration-spa\routes\catalog\catalog.ts
FN:8,(anonymous_15)
FN:12,CatalogVM
FN:20,(anonymous_17)
FN:22,(anonymous_20)
FN:32,(anonymous_21)
FNF:5
FNH:0
FNDA:0,(anonymous_15)
FNDA:0,CatalogVM
FNDA:0,(anonymous_17)
FNDA:0,(anonymous_20)
FNDA:0,(anonymous_21)
DA:1,0
DA:2,0
DA:3,0
DA:5,0
DA:8,0
DA:13,0
DA:14,0
DA:18,0
DA:20,0
DA:21,0
DA:22,0
DA:23,0
DA:24,0
DA:25,0
DA:26,0
DA:27,0
DA:28,0
DA:32,0
DA:33,0
DA:35,0
LF:20
LH:0
BRDA:21,0,0,0
BRF:1
BRH:0
end_of_record
TN:
SF:C:\dev\projects\pscm\au-northwind\source\Presentation.WebSPA\src\apps\administration-spa\routes\catalog\categories.ts
FN:5,(anonymous_21)
FN:17,(anonymous_23)
FN:25,(anonymous_26)
FN:37,(anonymous_29)
FN:38,(anonymous_32)
FNF:5
FNH:0
FNDA:0,(anonymous_21)
FNDA:0,(anonymous_23)
FNDA:0,(anonymous_26)
FNDA:0,(anonymous_29)
FNDA:0,(anonymous_32)
DA:1,0
DA:2,0
DA:3,0
DA:5,0
DA:8,0
DA:10,0
DA:17,0
DA:18,0
DA:19,0
DA:21,0
DA:25,0
DA:26,0
DA:27,0
DA:29,0
DA:30,0
DA:31,0
DA:33,0
DA:34,0
DA:37,0
DA:38,0
DA:39,0
DA:42,0
DA:43,0
DA:44,0
DA:45,0
DA:46,0
DA:48,0
DA:50,0
DA:51,0
DA:54,0
LF:30
LH:0
BRDA:18,0,0,0
BRDA:18,0,1,0
BRDA:26,1,0,0
BRDA:26,1,1,0
BRDA:29,2,0,0
BRDA:29,2,1,0
BRDA:38,3,0,0
BRDA:38,3,1,0
BRF:8
BRH:0
end_of_record
TN:
SF:C:\dev\projects\pscm\au-northwind\source\Presentation.WebSPA\src\apps\administration-spa\routes\catalog\index.ts
FN:4,(anonymous_0)
FN:7,(anonymous_2)
FNF:2
FNH:0
FNDA:0,(anonymous_0)
FNDA:0,(anonymous_2)
DA:1,0
DA:4,0
DA:7,0
DA:8,0
DA:41,0
DA:43,0
LF:6
LH:0
BRF:0
BRH:0
end_of_record
TN:
SF:C:\dev\projects\pscm\au-northwind\source\Presentation.WebSPA\src\apps\administration-spa\routes\catalog\not-found.ts
FN:1,(anonymous_0)
FN:4,NotFoundVM
FNF:2
FNH:0
FNDA:0,(anonymous_0)
FNDA:0,NotFoundVM
DA:1,0
DA:5,0
DA:7,0
LF:3
LH:0
BRF:0
BRH:0
end_of_record
TN:
SF:C:\dev\projects\pscm\au-northwind\source\Presentation.WebSPA\src\apps\administration-spa\routes\catalog\product-summary.ts
FN:9,(anonymous_15)
FN:14,ProductDetailViewModel
FN:21,(anonymous_17)
FNF:3
FNH:0
FNDA:0,(anonymous_15)
FNDA:0,ProductDetailViewModel
FNDA:0,(anonymous_17)
DA:1,0
DA:2,0
DA:4,0
DA:9,0
DA:12,0
DA:15,0
DA:16,0
DA:21,0
DA:23,0
DA:26,0
DA:27,0
DA:28,0
DA:29,0
DA:30,0
DA:32,0
DA:33,0
DA:34,0
DA:35,0
DA:38,0
LF:19
LH:0
BRDA:23,0,0,0
BRDA:23,0,1,0
BRDA:23,1,0,0
BRDA:23,1,1,0
BRDA:27,2,0,0
BRDA:27,2,1,0
BRF:6
BRH:0
end_of_record
TN:
SF:C:\dev\projects\pscm\au-northwind\source\Presentation.WebSPA\src\apps\administration-spa\routes\catalog\elements\catalog-product.ts
FN:6,(anonymous_21)
FN:11,(anonymous_23)
FNF:2
FNH:0
FNDA:0,(anonymous_21)
FNDA:0,(anonymous_23)
DA:1,0
DA:2,0
DA:3,0
DA:6,0
DA:9,0
DA:11,0
DA:12,0
DA:14,0
LF:8
LH:0
BRF:0
BRH:0
end_of_record
TN:
SF:C:\dev\projects\pscm\au-northwind\source\Presentation.WebSPA\src\apps\administration-spa\routes\catalog\models\category-model.ts
FN:1,(anonymous_0)
FNF:1
FNH:0
FNDA:0,(anonymous_0)
DA:1,0
DA:5,0
DA:6,0
LF:3
LH:0
BRF:0
BRH:0
end_of_record
TN:
SF:C:\dev\projects\pscm\au-northwind\source\Presentation.WebSPA\src\apps\administration-spa\routes\catalog\models\product-model.ts
FN:3,(anonymous_0)
FN:6,ProductModel
FN:20,(anonymous_2)
FNF:3
FNH:0
FNDA:0,(anonymous_0)
FNDA:0,ProductModel
FNDA:0,(anonymous_2)
DA:1,0
DA:3,0
DA:7,0
DA:8,0
DA:9,0
DA:12,0
DA:13,0
DA:14,0
DA:15,0
DA:16,0
DA:17,0
DA:20,0
DA:30,0
LF:13
LH:0
BRDA:7,0,0,0
BRDA:7,0,1,0
BRF:2
BRH:0
end_of_record
TN:
SF:C:\dev\projects\pscm\au-northwind\source\Presentation.WebSPA\src\apps\administration-spa\routes\catalog\services\catalog-svc.ts
FN:4,(anonymous_13)
FN:7,CatalogSvc
FN:32,(anonymous_15)
FN:33,(anonymous_18)
FN:38,(anonymous_19)
FNF:5
FNH:0
FNDA:0,(anonymous_13)
FNDA:0,CatalogSvc
FNDA:0,(anonymous_15)
FNDA:0,(anonymous_18)
FNDA:0,(anonymous_19)
DA:1,0
DA:2,0
DA:4,0
DA:8,0
DA:9,0
DA:10,0
DA:11,0
DA:12,0
DA:13,0
DA:15,0
DA:16,0
DA:17,0
DA:18,0
DA:19,0
DA:20,0
DA:22,0
DA:23,0
DA:24,0
DA:25,0
DA:26,0
DA:27,0
DA:29,0
DA:32,0
DA:33,0
DA:34,0
DA:35,0
DA:38,0
DA:39,0
DA:41,0
LF:29
LH:0
BRDA:33,0,0,0
BRF:1
BRH:0
end_of_record
TN:
SF:C:\dev\projects\pscm\au-northwind\source\Presentation.WebSPA\src\apps\administration-spa\routes\purchasing\index.ts
FN:4,(anonymous_0)
FN:7,(anonymous_2)
FNF:2
FNH:0
FNDA:0,(anonymous_0)
FNDA:0,(anonymous_2)
DA:1,0
DA:4,0
DA:7,0
DA:8,0
DA:39,0
DA:41,0
LF:6
LH:0
BRF:0
BRH:0
end_of_record
TN:
SF:C:\dev\projects\pscm\au-northwind\source\Presentation.WebSPA\src\apps\administration-spa\routes\purchasing\inventory.ts
FN:1,(anonymous_0)
FNF:1
FNH:0
FNDA:0,(anonymous_0)
DA:1,0
DA:3,0
LF:2
LH:0
BRF:0
BRH:0
end_of_record
TN:
SF:C:\dev\projects\pscm\au-northwind\source\Presentation.WebSPA\src\apps\administration-spa\routes\sales\index.ts
FN:4,(anonymous_0)
FN:7,(anonymous_2)
FNF:2
FNH:0
FNDA:0,(anonymous_0)
FNDA:0,(anonymous_2)
DA:1,0
DA:4,0
DA:7,0
DA:8,0
DA:47,0
DA:49,0
LF:6
LH:0
BRF:0
BRH:0
end_of_record
TN:
SF:C:\dev\projects\pscm\au-northwind\source\Presentation.WebSPA\src\apps\administration-spa\routes\sales\prices.ts
FN:1,(anonymous_0)
FNF:1
FNH:0
FNDA:0,(anonymous_0)
DA:1,0
DA:3,0
LF:2
LH:0
BRF:0
BRH:0
end_of_record
TN:
SF:C:\dev\projects\pscm\au-northwind\source\Presentation.WebSPA\src\apps\administration-spa\routes\sales\pricing-change.ts
FN:8,(anonymous_21)
FN:13,PricingIncreaseViewModel
FN:24,(anonymous_23)
FN:28,(anonymous_24)
FN:33,(anonymous_27)
FN:69,(anonymous_30)
FNF:6
FNH:0
FNDA:0,(anonymous_21)
FNDA:0,PricingIncreaseViewModel
FNDA:0,(anonymous_23)
FNDA:0,(anonymous_24)
FNDA:0,(anonymous_27)
FNDA:0,(anonymous_30)
DA:1,0
DA:2,0
DA:4,0
DA:5,0
DA:8,0
DA:9,0
DA:11,0
DA:14,0
DA:17,0
DA:20,0
DA:22,0
DA:24,0
DA:25,0
DA:28,0
DA:29,0
DA:30,0
DA:33,0
DA:34,0
DA:36,0
DA:37,0
DA:38,0
DA:41,0
DA:42,0
DA:43,0
DA:45,0
DA:46,0
DA:47,0
DA:50,0
DA:52,0
DA:53,0
DA:54,0
DA:56,0
DA:57,0
DA:58,0
DA:63,0
DA:65,0
DA:66,0
DA:69,0
DA:70,0
DA:71,0
DA:72,0
DA:74,0
LF:42
LH:0
BRDA:25,0,0,0
BRDA:25,0,1,0
BRDA:36,1,0,0
BRDA:36,1,1,0
BRDA:36,2,0,0
BRDA:36,2,1,0
BRDA:41,3,0,0
BRDA:41,3,1,0
BRDA:45,4,0,0
BRDA:45,4,1,0
BRDA:52,5,0,0
BRDA:52,5,1,0
BRDA:56,6,0,0
BRDA:56,6,1,0
BRF:14
BRH:0
end_of_record
TN:
SF:C:\dev\projects\pscm\au-northwind\source\Presentation.WebSPA\src\apps\administration-spa\routes\sales\models\product-price-model.ts
FN:1,(anonymous_0)
FN:4,ProductPriceModel
FN:15,(anonymous_2)
FN:19,(anonymous_3)
FN:28,(anonymous_4)
FNF:5
FNH:0
FNDA:0,(anonymous_0)
FNDA:0,ProductPriceModel
FNDA:0,(anonymous_2)
FNDA:0,(anonymous_3)
FNDA:0,(anonymous_4)
DA:1,0
DA:5,0
DA:6,0
DA:7,0
DA:10,0
DA:11,0
DA:12,0
DA:13,0
DA:15,0
DA:16,0
DA:19,0
DA:20,0
DA:21,0
DA:23,0
DA:24,0
DA:25,0
DA:28,0
DA:29,0
DA:30,0
DA:32,0
DA:33,0
DA:34,0
DA:36,0
LF:23
LH:0
BRDA:20,0,0,0
BRDA:20,0,1,0
BRDA:29,1,0,0
BRDA:29,1,1,0
BRF:4
BRH:0
end_of_record
TN:
SF:C:\dev\projects\pscm\au-northwind\source\Presentation.WebSPA\src\apps\administration-spa\routes\warehouse\index.ts
FN:4,(anonymous_0)
FN:7,(anonymous_2)
FNF:2
FNH:0
FNDA:0,(anonymous_0)
FNDA:0,(anonymous_2)
DA:1,0
DA:4,0
DA:7,0
DA:8,0
DA:46,0
DA:48,0
LF:6
LH:0
BRF:0
BRH:0
end_of_record
TN:
SF:C:\dev\projects\pscm\au-northwind\source\Presentation.WebSPA\src\apps\administration-spa\routes\warehouse\inventory.ts
FN:1,(anonymous_0)
FNF:1
FNH:0
FNDA:0,(anonymous_0)
DA:1,0
DA:3,0
LF:2
LH:0
BRF:0
BRH:0
end_of_record
TN:
SF:C:\dev\projects\pscm\au-northwind\source\Presentation.WebSPA\src\apps\shopping-spa\app.ts
FN:5,(anonymous_0)
FN:10,(anonymous_2)
FNF:2
FNH:2
FNDA:2,(anonymous_0)
FNDA:1,(anonymous_2)
DA:1,1
DA:3,1
DA:5,1
DA:6,1
DA:10,1
DA:11,1
DA:13,1
DA:18,1
DA:20,1
LF:9
LH:9
BRF:0
BRH:0
end_of_record
TN:
SF:C:\dev\projects\pscm\au-northwind\source\Presentation.WebSPA\src\apps\shopping-spa\no-selection.ts
FN:1,(anonymous_0)
FN:4,NoSelectionViewModel
FNF:2
FNH:0
FNDA:0,(anonymous_0)
FNDA:0,NoSelectionViewModel
DA:1,0
DA:5,0
DA:7,0
LF:3
LH:0
BRF:0
BRH:0
end_of_record
TN:
SF:C:\dev\projects\pscm\au-northwind\source\Presentation.WebSPA\src\apps\shopping-spa\product-detail.ts
FN:1,(anonymous_0)
FN:3,ProductDetailViewModel
FNF:2
FNH:0
FNDA:0,(anonymous_0)
FNDA:0,ProductDetailViewModel
DA:1,0
DA:6,0
LF:2
LH:0
BRF:0
BRH:0
end_of_record
TN:
SF:C:\dev\projects\pscm\au-northwind\source\Presentation.WebSPA\src\apps\shopping-spa\resources\index.ts
FN:3,configure
FNF:1
FNH:0
FNDA:0,configure
DA:3,0
LF:1
LH:0
BRF:0
BRH:0
end_of_record
TN:
SF:C:\dev\projects\pscm\au-northwind\source\Presentation.WebSPA\src\common\api-logger-interceptor.ts
FN:4,(anonymous_0)
FN:7,(anonymous_2)
FN:12,(anonymous_3)
FN:17,(anonymous_4)
FN:22,(anonymous_5)
FNF:5
FNH:0
FNDA:0,(anonymous_0)
FNDA:0,(anonymous_2)
FNDA:0,(anonymous_3)
FNDA:0,(anonymous_4)
FNDA:0,(anonymous_5)
DA:1,0
DA:4,0
DA:5,0
DA:7,0
DA:8,0
DA:9,0
DA:12,0
DA:13,0
DA:14,0
DA:17,0
DA:18,0
DA:19,0
DA:22,0
DA:23,0
DA:24,0
DA:26,0
LF:16
LH:0
BRDA:18,0,0,0
BRDA:18,0,1,0
BRF:2
BRH:0
end_of_record
TN:
SF:C:\dev\projects\pscm\au-northwind\source\Presentation.WebSPA\src\common\utils.ts
FN:1,createGuid
FN:18,(anonymous_1)
FNF:2
FNH:0
FNDA:0,createGuid
FNDA:0,(anonymous_1)
DA:1,0
DA:2,0
DA:3,0
DA:6,0
DA:7,0
DA:10,0
DA:11,0
DA:13,0
DA:14,0
DA:16,0
DA:18,0
LF:11
LH:0
BRF:0
BRH:0
end_of_record
TN:
SF:C:\dev\projects\pscm\au-northwind\source\Presentation.WebSPA\src\resources\index.ts
FN:3,configure
FNF:1
FNH:0
FNDA:0,configure
DA:3,0
DA:4,0
LF:2
LH:0
BRF:0
BRH:0
end_of_record
TN:
SF:C:\dev\projects\pscm\au-northwind\source\Presentation.WebSPA\src\resources\elements\complex-input.ts
FN:5,(anonymous_15)
FN:41,(anonymous_17)
FN:45,(anonymous_18)
FN:49,(anonymous_19)
FN:57,(anonymous_22)
FNF:5
FNH:0
FNDA:0,(anonymous_15)
FNDA:0,(anonymous_17)
FNDA:0,(anonymous_18)
FNDA:0,(anonymous_19)
FNDA:0,(anonymous_22)
DA:1,0
DA:5,0
DA:6,0
DA:9,0
DA:12,0
DA:15,0
DA:18,0
DA:21,0
DA:24,0
DA:27,0
DA:30,0
DA:33,0
DA:36,0
DA:39,0
DA:41,0
DA:42,0
DA:45,0
DA:46,0
DA:49,0
DA:50,0
DA:51,0
DA:54,0
DA:57,0
DA:58,0
DA:59,0
DA:60,0
DA:63,0
LF:27
LH:0
BRDA:42,0,0,0
BRDA:42,0,1,0
BRDA:46,1,0,0
BRDA:46,1,1,0
BRDA:50,2,0,0
BRDA:50,2,1,0
BRDA:50,3,0,0
BRDA:50,3,1,0
BRDA:58,4,0,0
BRDA:58,4,1,0
BRDA:58,5,0,0
BRDA:58,5,1,0
BRF:12
BRH:0
end_of_record
TN:
SF:C:\dev\projects\pscm\au-northwind\source\Presentation.WebSPA\src\resources\elements\lr-single-selector.ts
FN:5,(anonymous_21)
FN:8,LeftRightSingleSelectorElement
FN:19,(anonymous_23)
FN:27,(anonymous_26)
FN:38,(anonymous_27)
FN:50,(anonymous_28)
FNF:6
FNH:0
FNDA:0,(anonymous_21)
FNDA:0,LeftRightSingleSelectorElement
FNDA:0,(anonymous_23)
FNDA:0,(anonymous_26)
FNDA:0,(anonymous_27)
FNDA:0,(anonymous_28)
DA:1,0
DA:2,0
DA:5,0
DA:6,0
DA:9,0
DA:13,0
DA:16,0
DA:19,0
DA:20,0
DA:21,0
DA:22,0
DA:23,0
DA:27,0
DA:28,0
DA:29,0
DA:31,0
DA:32,0
DA:33,0
DA:35,0
DA:38,0
DA:39,0
DA:40,0
DA:42,0
DA:43,0
DA:44,0
DA:45,0
DA:47,0
DA:50,0
DA:51,0
DA:53,0
LF:30
LH:0
BRDA:9,0,0,0
BRDA:9,0,1,0
BRDA:28,1,0,0
BRDA:28,1,1,0
BRDA:32,2,0,0
BRDA:32,2,1,0
BRDA:33,3,0,0
BRDA:33,3,1,0
BRDA:39,4,0,0
BRDA:39,4,1,0
BRDA:44,5,0,0
BRDA:44,5,1,0
BRDA:45,6,0,0
BRDA:45,6,1,0
BRF:14
BRH:0
end_of_record
TN:
SF:C:\dev\projects\pscm\au-northwind\source\Presentation.WebSPA\src\resources\elements\single-item-selector-element-base.ts
FN:3,(anonymous_15)
FN:7,SingleItemSelectorElementBase
FN:35,(anonymous_17)
FN:49,(anonymous_18)
FN:54,(anonymous_19)
FN:67,(anonymous_20)
FN:80,(anonymous_23)
FN:91,(anonymous_24)
FNF:8
FNH:0
FNDA:0,(anonymous_15)
FNDA:0,SingleItemSelectorElementBase
FNDA:0,(anonymous_17)
FNDA:0,(anonymous_18)
FNDA:0,(anonymous_19)
FNDA:0,(anonymous_20)
FNDA:0,(anonymous_23)
FNDA:0,(anonymous_24)
DA:1,0
DA:3,0
DA:4,0
DA:5,0
DA:12,0
DA:15,0
DA:18,0
DA:21,0
DA:24,0
DA:27,0
DA:30,0
DA:33,0
DA:35,0
DA:36,0
DA:37,0
DA:39,0
DA:40,0
DA:42,0
DA:43,0
DA:45,0
DA:49,0
DA:50,0
DA:51,0
DA:54,0
DA:55,0
DA:56,0
DA:59,0
DA:60,0
DA:61,0
DA:62,0
DA:64,0
DA:67,0
DA:68,0
DA:69,0
DA:72,0
DA:73,0
DA:74,0
DA:76,0
DA:80,0
DA:81,0
DA:82,0
DA:83,0
DA:86,0
DA:87,0
DA:88,0
DA:91,0
DA:92,0
DA:93,0
DA:95,0
DA:96,0
DA:97,0
DA:100,0
DA:101,0
DA:105,0
DA:108,0
DA:109,0
DA:112,0
LF:57
LH:0
BRDA:36,0,0,0
BRDA:36,0,1,0
BRDA:39,1,0,0
BRDA:39,1,1,0
BRDA:42,2,0,0
BRDA:42,2,1,0
BRDA:42,3,0,0
BRDA:42,3,1,0
BRDA:55,4,0,0
BRDA:55,4,1,0
BRDA:55,5,0,0
BRDA:55,5,1,0
BRDA:60,6,0,0
BRDA:60,6,1,0
BRDA:68,7,0,0
BRDA:68,7,1,0
BRDA:81,8,0,0
BRDA:81,8,1,0
BRDA:86,9,0,0
BRDA:86,9,1,0
BRDA:86,10,0,0
BRDA:86,10,1,0
BRDA:92,11,0,0
BRDA:92,11,1,0
BRDA:92,12,0,0
BRDA:92,12,1,0
BRDA:92,12,2,0
BRDA:95,13,0,0
BRDA:95,13,1,0
BRDA:96,14,0,0
BRDA:96,14,1,0
BRDA:100,15,0,0
BRDA:100,15,1,0
BRDA:100,16,0,0
BRDA:100,16,1,0
BRDA:108,17,0,0
BRDA:108,17,1,0
BRF:37
BRH:0
end_of_record
TN:
SF:C:\dev\projects\pscm\au-northwind\source\Presentation.WebSPA\src\resources\value-converters\currency-format-value-converter.ts
FN:4,(anonymous_0)
FN:7,(anonymous_2)
FNF:2
FNH:0
FNDA:0,(anonymous_0)
FNDA:0,(anonymous_2)
DA:1,0
DA:4,0
DA:5,0
DA:7,0
DA:8,0
DA:9,0
DA:11,0
DA:12,0
DA:13,0
DA:15,0
DA:16,0
DA:19,0
LF:12
LH:0
BRDA:7,0,0,0
BRDA:7,0,1,0
BRDA:7,1,0,0
BRDA:7,1,1,0
BRF:4
BRH:0
end_of_record
TN:
SF:C:\dev\projects\pscm\au-northwind\source\Presentation.WebSPA\src\resources\value-converters\date-format-value-converter.ts
FN:6,(anonymous_1)
FN:9,(anonymous_3)
FNF:2
FNH:0
FNDA:0,(anonymous_1)
FNDA:0,(anonymous_3)
DA:1,0
DA:4,0
DA:6,0
DA:7,0
DA:9,0
DA:11,0
DA:12,0
DA:13,0
DA:15,0
LF:9
LH:0
BRDA:9,0,0,0
BRDA:9,0,1,0
BRF:2
BRH:0
end_of_record
TN:
SF:C:\dev\projects\pscm\au-northwind\source\Presentation.WebSPA\src\resources\value-converters\decimal-format-value-converter.ts
FN:4,(anonymous_0)
FN:7,(anonymous_2)
FNF:2
FNH:0
FNDA:0,(anonymous_0)
FNDA:0,(anonymous_2)
DA:1,0
DA:4,0
DA:5,0
DA:7,0
DA:8,0
DA:9,0
DA:11,0
DA:18,0
DA:19,0
DA:21,0
DA:22,0
DA:25,0
LF:12
LH:0
BRDA:7,0,0,0
BRDA:7,0,1,0
BRDA:7,1,0,0
BRDA:7,1,1,0
BRF:4
BRH:0
end_of_record
